{"C:\\Users\\bauti\\OneDrive\\Documents\\Diego\\Full Stack Node.js React TS NestJS Next.js Creando Proyectos\\CashTrackr\\backend\\src\\config\\nodemailer.ts": {"path":"C:\\Users\\bauti\\OneDrive\\Documents\\Diego\\Full Stack Node.js React TS NestJS Next.js Creando Proyectos\\CashTrackr\\backend\\src\\config\\nodemailer.ts","statementMap":{"0":{"start":{"line":1,"column":0},"end":{"line":1,"column":36}},"1":{"start":{"line":3,"column":15},"end":{"line":12,"column":1}},"2":{"start":{"line":4,"column":4},"end":{"line":11,"column":null}},"3":{"start":{"line":14,"column":13},"end":{"line":14,"column":62}}},"fnMap":{"0":{"name":"(anonymous_1)","decl":{"start":{"line":3,"column":15},"end":{"line":3,"column":18}},"loc":{"start":{"line":3,"column":20},"end":{"line":12,"column":1}}}},"branchMap":{},"s":{"0":1,"1":1,"2":1,"3":1},"f":{"0":1},"b":{}}
,"C:\\Users\\bauti\\OneDrive\\Documents\\Diego\\Full Stack Node.js React TS NestJS Next.js Creando Proyectos\\CashTrackr\\backend\\src\\controllers\\AuthController.ts": {"path":"C:\\Users\\bauti\\OneDrive\\Documents\\Diego\\Full Stack Node.js React TS NestJS Next.js Creando Proyectos\\CashTrackr\\backend\\src\\controllers\\AuthController.ts","statementMap":{"0":{"start":{"line":2,"column":0},"end":{"line":2,"column":34}},"1":{"start":{"line":3,"column":0},"end":{"line":3,"column":60}},"2":{"start":{"line":4,"column":0},"end":{"line":4,"column":47}},"3":{"start":{"line":5,"column":0},"end":{"line":5,"column":48}},"4":{"start":{"line":6,"column":0},"end":{"line":6,"column":43}},"5":{"start":{"line":7,"column":0},"end":{"line":7,"column":45}},"6":{"start":{"line":10,"column":27},"end":{"line":41,"column":5}},"7":{"start":{"line":11,"column":8},"end":{"line":40,"column":9}},"8":{"start":{"line":12,"column":31},"end":{"line":12,"column":87}},"9":{"start":{"line":14,"column":12},"end":{"line":20,"column":13}},"10":{"start":{"line":15,"column":30},"end":{"line":15,"column":77}},"11":{"start":{"line":17,"column":16},"end":{"line":17,"column":76}},"12":{"start":{"line":19,"column":16},"end":{"line":19,"column":23}},"13":{"start":{"line":22,"column":25},"end":{"line":22,"column":52}},"14":{"start":{"line":24,"column":12},"end":{"line":24,"column":66}},"15":{"start":{"line":25,"column":12},"end":{"line":25,"column":41}},"16":{"start":{"line":27,"column":12},"end":{"line":31,"column":15}},"17":{"start":{"line":33,"column":12},"end":{"line":33,"column":30}},"18":{"start":{"line":35,"column":12},"end":{"line":35,"column":87}},"19":{"start":{"line":39,"column":12},"end":{"line":39,"column":94}},"20":{"start":{"line":43,"column":28},"end":{"line":68,"column":5}},"21":{"start":{"line":44,"column":8},"end":{"line":67,"column":9}},"22":{"start":{"line":45,"column":26},"end":{"line":45,"column":51}},"23":{"start":{"line":47,"column":25},"end":{"line":47,"column":65}},"24":{"start":{"line":49,"column":12},"end":{"line":55,"column":13}},"25":{"start":{"line":50,"column":30},"end":{"line":50,"column":58}},"26":{"start":{"line":52,"column":16},"end":{"line":52,"column":76}},"27":{"start":{"line":54,"column":16},"end":{"line":54,"column":23}},"28":{"start":{"line":57,"column":12},"end":{"line":57,"column":45}},"29":{"start":{"line":58,"column":12},"end":{"line":58,"column":30}},"30":{"start":{"line":60,"column":12},"end":{"line":60,"column":30}},"31":{"start":{"line":62,"column":12},"end":{"line":62,"column":91}},"32":{"start":{"line":64,"column":12},"end":{"line":64,"column":88}},"33":{"start":{"line":66,"column":12},"end":{"line":66,"column":94}},"34":{"start":{"line":70,"column":19},"end":{"line":108,"column":5}},"35":{"start":{"line":71,"column":8},"end":{"line":107,"column":9}},"36":{"start":{"line":72,"column":40},"end":{"line":72,"column":48}},"37":{"start":{"line":74,"column":25},"end":{"line":74,"column":65}},"38":{"start":{"line":76,"column":12},"end":{"line":82,"column":13}},"39":{"start":{"line":77,"column":30},"end":{"line":77,"column":88}},"40":{"start":{"line":79,"column":16},"end":{"line":79,"column":76}},"41":{"start":{"line":81,"column":16},"end":{"line":81,"column":23}},"42":{"start":{"line":84,"column":12},"end":{"line":90,"column":13}},"43":{"start":{"line":85,"column":30},"end":{"line":85,"column":74}},"44":{"start":{"line":87,"column":16},"end":{"line":87,"column":76}},"45":{"start":{"line":89,"column":16},"end":{"line":89,"column":23}},"46":{"start":{"line":92,"column":38},"end":{"line":92,"column":82}},"47":{"start":{"line":94,"column":12},"end":{"line":100,"column":13}},"48":{"start":{"line":95,"column":30},"end":{"line":95,"column":71}},"49":{"start":{"line":97,"column":16},"end":{"line":97,"column":76}},"50":{"start":{"line":99,"column":16},"end":{"line":99,"column":23}},"51":{"start":{"line":102,"column":12},"end":{"line":102,"column":76}},"52":{"start":{"line":104,"column":12},"end":{"line":104,"column":75}},"53":{"start":{"line":106,"column":12},"end":{"line":106,"column":94}},"54":{"start":{"line":110,"column":28},"end":{"line":148,"column":5}},"55":{"start":{"line":111,"column":8},"end":{"line":147,"column":9}},"56":{"start":{"line":112,"column":30},"end":{"line":112,"column":38}},"57":{"start":{"line":114,"column":25},"end":{"line":114,"column":65}},"58":{"start":{"line":116,"column":12},"end":{"line":122,"column":13}},"59":{"start":{"line":117,"column":30},"end":{"line":117,"column":88}},"60":{"start":{"line":119,"column":16},"end":{"line":119,"column":76}},"61":{"start":{"line":121,"column":16},"end":{"line":121,"column":23}},"62":{"start":{"line":124,"column":12},"end":{"line":130,"column":13}},"63":{"start":{"line":125,"column":30},"end":{"line":125,"column":74}},"64":{"start":{"line":127,"column":16},"end":{"line":127,"column":76}},"65":{"start":{"line":129,"column":16},"end":{"line":129,"column":23}},"66":{"start":{"line":132,"column":12},"end":{"line":132,"column":41}},"67":{"start":{"line":134,"column":12},"end":{"line":134,"column":30}},"68":{"start":{"line":136,"column":12},"end":{"line":140,"column":15}},"69":{"start":{"line":142,"column":12},"end":{"line":142,"column":103}},"70":{"start":{"line":144,"column":12},"end":{"line":144,"column":92}},"71":{"start":{"line":146,"column":12},"end":{"line":146,"column":94}},"72":{"start":{"line":150,"column":27},"end":{"line":170,"column":5}},"73":{"start":{"line":151,"column":8},"end":{"line":169,"column":9}},"74":{"start":{"line":152,"column":30},"end":{"line":152,"column":38}},"75":{"start":{"line":154,"column":25},"end":{"line":154,"column":65}},"76":{"start":{"line":156,"column":12},"end":{"line":162,"column":13}},"77":{"start":{"line":157,"column":30},"end":{"line":157,"column":58}},"78":{"start":{"line":159,"column":16},"end":{"line":159,"column":76}},"79":{"start":{"line":161,"column":16},"end":{"line":161,"column":23}},"80":{"start":{"line":164,"column":12},"end":{"line":164,"column":72}},"81":{"start":{"line":166,"column":12},"end":{"line":166,"column":92}},"82":{"start":{"line":168,"column":12},"end":{"line":168,"column":94}},"83":{"start":{"line":172,"column":36},"end":{"line":198,"column":5}},"84":{"start":{"line":173,"column":8},"end":{"line":197,"column":9}},"85":{"start":{"line":174,"column":30},"end":{"line":174,"column":40}},"86":{"start":{"line":175,"column":33},"end":{"line":175,"column":41}},"87":{"start":{"line":177,"column":25},"end":{"line":177,"column":65}},"88":{"start":{"line":179,"column":12},"end":{"line":185,"column":13}},"89":{"start":{"line":180,"column":30},"end":{"line":180,"column":58}},"90":{"start":{"line":182,"column":16},"end":{"line":182,"column":76}},"91":{"start":{"line":184,"column":16},"end":{"line":184,"column":23}},"92":{"start":{"line":187,"column":12},"end":{"line":187,"column":57}},"93":{"start":{"line":188,"column":12},"end":{"line":188,"column":30}},"94":{"start":{"line":190,"column":12},"end":{"line":190,"column":30}},"95":{"start":{"line":192,"column":12},"end":{"line":192,"column":94}},"96":{"start":{"line":194,"column":12},"end":{"line":194,"column":91}},"97":{"start":{"line":196,"column":12},"end":{"line":196,"column":94}},"98":{"start":{"line":200,"column":21},"end":{"line":202,"column":5}},"99":{"start":{"line":201,"column":8},"end":{"line":201,"column":59}},"100":{"start":{"line":204,"column":40},"end":{"line":226,"column":5}},"101":{"start":{"line":205,"column":8},"end":{"line":225,"column":9}},"102":{"start":{"line":206,"column":85},"end":{"line":206,"column":93}},"103":{"start":{"line":208,"column":25},"end":{"line":208,"column":57}},"104":{"start":{"line":210,"column":12},"end":{"line":210,"column":67}},"105":{"start":{"line":210,"column":22},"end":{"line":210,"column":67}},"106":{"start":{"line":212,"column":38},"end":{"line":212,"column":89}},"107":{"start":{"line":214,"column":12},"end":{"line":214,"column":108}},"108":{"start":{"line":214,"column":35},"end":{"line":214,"column":108}},"109":{"start":{"line":216,"column":12},"end":{"line":216,"column":60}},"110":{"start":{"line":218,"column":12},"end":{"line":218,"column":30}},"111":{"start":{"line":220,"column":12},"end":{"line":220,"column":93}},"112":{"start":{"line":222,"column":12},"end":{"line":222,"column":93}},"113":{"start":{"line":224,"column":12},"end":{"line":224,"column":94}},"114":{"start":{"line":228,"column":27},"end":{"line":246,"column":5}},"115":{"start":{"line":229,"column":8},"end":{"line":245,"column":9}},"116":{"start":{"line":230,"column":58},"end":{"line":230,"column":66}},"117":{"start":{"line":232,"column":25},"end":{"line":232,"column":57}},"118":{"start":{"line":234,"column":12},"end":{"line":234,"column":67}},"119":{"start":{"line":234,"column":22},"end":{"line":234,"column":67}},"120":{"start":{"line":236,"column":38},"end":{"line":236,"column":89}},"121":{"start":{"line":238,"column":12},"end":{"line":238,"column":108}},"122":{"start":{"line":238,"column":35},"end":{"line":238,"column":108}},"123":{"start":{"line":240,"column":12},"end":{"line":240,"column":92}},"124":{"start":{"line":242,"column":12},"end":{"line":242,"column":93}},"125":{"start":{"line":244,"column":12},"end":{"line":244,"column":94}},"126":{"start":{"line":9,"column":0},"end":{"line":9,"column":13}}},"fnMap":{"0":{"name":"(anonymous_1)","decl":{"start":{"line":10,"column":27},"end":{"line":10,"column":32}},"loc":{"start":{"line":10,"column":65},"end":{"line":41,"column":5}}},"1":{"name":"(anonymous_2)","decl":{"start":{"line":43,"column":28},"end":{"line":43,"column":33}},"loc":{"start":{"line":43,"column":66},"end":{"line":68,"column":5}}},"2":{"name":"(anonymous_3)","decl":{"start":{"line":70,"column":19},"end":{"line":70,"column":24}},"loc":{"start":{"line":70,"column":57},"end":{"line":108,"column":5}}},"3":{"name":"(anonymous_4)","decl":{"start":{"line":110,"column":28},"end":{"line":110,"column":33}},"loc":{"start":{"line":110,"column":66},"end":{"line":148,"column":5}}},"4":{"name":"(anonymous_5)","decl":{"start":{"line":150,"column":27},"end":{"line":150,"column":32}},"loc":{"start":{"line":150,"column":65},"end":{"line":170,"column":5}}},"5":{"name":"(anonymous_6)","decl":{"start":{"line":172,"column":36},"end":{"line":172,"column":41}},"loc":{"start":{"line":172,"column":74},"end":{"line":198,"column":5}}},"6":{"name":"(anonymous_7)","decl":{"start":{"line":200,"column":21},"end":{"line":200,"column":22}},"loc":{"start":{"line":200,"column":53},"end":{"line":202,"column":5}}},"7":{"name":"(anonymous_8)","decl":{"start":{"line":204,"column":40},"end":{"line":204,"column":45}},"loc":{"start":{"line":204,"column":78},"end":{"line":226,"column":5}}},"8":{"name":"(anonymous_9)","decl":{"start":{"line":228,"column":27},"end":{"line":228,"column":32}},"loc":{"start":{"line":228,"column":65},"end":{"line":246,"column":5}}}},"branchMap":{"0":{"loc":{"start":{"line":14,"column":12},"end":{"line":20,"column":13}},"type":"if","locations":[{"start":{"line":14,"column":12},"end":{"line":20,"column":13}}]},"1":{"loc":{"start":{"line":49,"column":12},"end":{"line":55,"column":13}},"type":"if","locations":[{"start":{"line":49,"column":12},"end":{"line":55,"column":13}}]},"2":{"loc":{"start":{"line":76,"column":12},"end":{"line":82,"column":13}},"type":"if","locations":[{"start":{"line":76,"column":12},"end":{"line":82,"column":13}}]},"3":{"loc":{"start":{"line":84,"column":12},"end":{"line":90,"column":13}},"type":"if","locations":[{"start":{"line":84,"column":12},"end":{"line":90,"column":13}}]},"4":{"loc":{"start":{"line":94,"column":12},"end":{"line":100,"column":13}},"type":"if","locations":[{"start":{"line":94,"column":12},"end":{"line":100,"column":13}}]},"5":{"loc":{"start":{"line":116,"column":12},"end":{"line":122,"column":13}},"type":"if","locations":[{"start":{"line":116,"column":12},"end":{"line":122,"column":13}}]},"6":{"loc":{"start":{"line":124,"column":12},"end":{"line":130,"column":13}},"type":"if","locations":[{"start":{"line":124,"column":12},"end":{"line":130,"column":13}}]},"7":{"loc":{"start":{"line":156,"column":12},"end":{"line":162,"column":13}},"type":"if","locations":[{"start":{"line":156,"column":12},"end":{"line":162,"column":13}}]},"8":{"loc":{"start":{"line":179,"column":12},"end":{"line":185,"column":13}},"type":"if","locations":[{"start":{"line":179,"column":12},"end":{"line":185,"column":13}}]},"9":{"loc":{"start":{"line":210,"column":12},"end":{"line":210,"column":67}},"type":"if","locations":[{"start":{"line":210,"column":12},"end":{"line":210,"column":67}}]},"10":{"loc":{"start":{"line":214,"column":12},"end":{"line":214,"column":108}},"type":"if","locations":[{"start":{"line":214,"column":12},"end":{"line":214,"column":108}}]},"11":{"loc":{"start":{"line":234,"column":12},"end":{"line":234,"column":67}},"type":"if","locations":[{"start":{"line":234,"column":12},"end":{"line":234,"column":67}}]},"12":{"loc":{"start":{"line":238,"column":12},"end":{"line":238,"column":108}},"type":"if","locations":[{"start":{"line":238,"column":12},"end":{"line":238,"column":108}}]}},"s":{"0":1,"1":1,"2":1,"3":1,"4":1,"5":1,"6":1,"7":3,"8":3,"9":3,"10":1,"11":1,"12":1,"13":2,"14":2,"15":1,"16":1,"17":1,"18":1,"19":1,"20":1,"21":0,"22":0,"23":0,"24":0,"25":0,"26":0,"27":0,"28":0,"29":0,"30":0,"31":0,"32":0,"33":0,"34":1,"35":4,"36":4,"37":4,"38":4,"39":1,"40":1,"41":1,"42":3,"43":1,"44":1,"45":1,"46":2,"47":2,"48":1,"49":1,"50":1,"51":1,"52":0,"53":0,"54":1,"55":0,"56":0,"57":0,"58":0,"59":0,"60":0,"61":0,"62":0,"63":0,"64":0,"65":0,"66":0,"67":0,"68":0,"69":0,"70":0,"71":0,"72":1,"73":0,"74":0,"75":0,"76":0,"77":0,"78":0,"79":0,"80":0,"81":0,"82":0,"83":1,"84":0,"85":0,"86":0,"87":0,"88":0,"89":0,"90":0,"91":0,"92":0,"93":0,"94":0,"95":0,"96":0,"97":0,"98":1,"99":0,"100":1,"101":0,"102":0,"103":0,"104":0,"105":0,"106":0,"107":0,"108":0,"109":0,"110":0,"111":0,"112":0,"113":0,"114":1,"115":0,"116":0,"117":0,"118":0,"119":0,"120":0,"121":0,"122":0,"123":0,"124":0,"125":0,"126":1},"f":{"0":3,"1":0,"2":4,"3":0,"4":0,"5":0,"6":0,"7":0,"8":0},"b":{"0":[1],"1":[0],"2":[1],"3":[1],"4":[1],"5":[0],"6":[0],"7":[0],"8":[0],"9":[0],"10":[0],"11":[0],"12":[0]}}
,"C:\\Users\\bauti\\OneDrive\\Documents\\Diego\\Full Stack Node.js React TS NestJS Next.js Creando Proyectos\\CashTrackr\\backend\\src\\controllers\\BudgetController.ts": {"path":"C:\\Users\\bauti\\OneDrive\\Documents\\Diego\\Full Stack Node.js React TS NestJS Next.js Creando Proyectos\\CashTrackr\\backend\\src\\controllers\\BudgetController.ts","statementMap":{"0":{"start":{"line":2,"column":0},"end":{"line":2,"column":38}},"1":{"start":{"line":3,"column":0},"end":{"line":3,"column":40}},"2":{"start":{"line":6,"column":27},"end":{"line":19,"column":5}},"3":{"start":{"line":7,"column":8},"end":{"line":18,"column":9}},"4":{"start":{"line":8,"column":28},"end":{"line":11,"column":14}},"5":{"start":{"line":13,"column":12},"end":{"line":13,"column":56}},"6":{"start":{"line":17,"column":12},"end":{"line":17,"column":94}},"7":{"start":{"line":21,"column":26},"end":{"line":35,"column":5}},"8":{"start":{"line":22,"column":8},"end":{"line":34,"column":9}},"9":{"start":{"line":23,"column":27},"end":{"line":23,"column":56}},"10":{"start":{"line":25,"column":12},"end":{"line":25,"column":40}},"11":{"start":{"line":27,"column":12},"end":{"line":27,"column":32}},"12":{"start":{"line":29,"column":12},"end":{"line":29,"column":92}},"13":{"start":{"line":33,"column":12},"end":{"line":33,"column":94}},"14":{"start":{"line":37,"column":27},"end":{"line":49,"column":5}},"15":{"start":{"line":38,"column":8},"end":{"line":48,"column":9}},"16":{"start":{"line":39,"column":27},"end":{"line":41,"column":14}},"17":{"start":{"line":43,"column":12},"end":{"line":43,"column":55}},"18":{"start":{"line":47,"column":12},"end":{"line":47,"column":94}},"19":{"start":{"line":51,"column":26},"end":{"line":61,"column":5}},"20":{"start":{"line":52,"column":8},"end":{"line":60,"column":9}},"21":{"start":{"line":53,"column":12},"end":{"line":53,"column":46}},"22":{"start":{"line":55,"column":12},"end":{"line":55,"column":97}},"23":{"start":{"line":59,"column":12},"end":{"line":59,"column":94}},"24":{"start":{"line":63,"column":26},"end":{"line":73,"column":5}},"25":{"start":{"line":64,"column":8},"end":{"line":72,"column":9}},"26":{"start":{"line":65,"column":12},"end":{"line":65,"column":39}},"27":{"start":{"line":67,"column":12},"end":{"line":67,"column":95}},"28":{"start":{"line":71,"column":12},"end":{"line":71,"column":94}},"29":{"start":{"line":5,"column":0},"end":{"line":5,"column":13}}},"fnMap":{"0":{"name":"(anonymous_1)","decl":{"start":{"line":6,"column":27},"end":{"line":6,"column":32}},"loc":{"start":{"line":6,"column":65},"end":{"line":19,"column":5}}},"1":{"name":"(anonymous_2)","decl":{"start":{"line":21,"column":26},"end":{"line":21,"column":31}},"loc":{"start":{"line":21,"column":64},"end":{"line":35,"column":5}}},"2":{"name":"(anonymous_3)","decl":{"start":{"line":37,"column":27},"end":{"line":37,"column":32}},"loc":{"start":{"line":37,"column":65},"end":{"line":49,"column":5}}},"3":{"name":"(anonymous_4)","decl":{"start":{"line":51,"column":26},"end":{"line":51,"column":31}},"loc":{"start":{"line":51,"column":64},"end":{"line":61,"column":5}}},"4":{"name":"(anonymous_5)","decl":{"start":{"line":63,"column":26},"end":{"line":63,"column":31}},"loc":{"start":{"line":63,"column":64},"end":{"line":73,"column":5}}}},"branchMap":{},"s":{"0":1,"1":1,"2":1,"3":4,"4":4,"5":3,"6":1,"7":1,"8":2,"9":2,"10":1,"11":1,"12":1,"13":1,"14":1,"15":4,"16":4,"17":3,"18":1,"19":1,"20":2,"21":2,"22":1,"23":1,"24":1,"25":2,"26":2,"27":1,"28":1,"29":1},"f":{"0":4,"1":2,"2":4,"3":2,"4":2},"b":{}}
,"C:\\Users\\bauti\\OneDrive\\Documents\\Diego\\Full Stack Node.js React TS NestJS Next.js Creando Proyectos\\CashTrackr\\backend\\src\\controllers\\ExpenseController.ts": {"path":"C:\\Users\\bauti\\OneDrive\\Documents\\Diego\\Full Stack Node.js React TS NestJS Next.js Creando Proyectos\\CashTrackr\\backend\\src\\controllers\\ExpenseController.ts","statementMap":{"0":{"start":{"line":2,"column":0},"end":{"line":2,"column":40}},"1":{"start":{"line":5,"column":27},"end":{"line":19,"column":5}},"2":{"start":{"line":6,"column":8},"end":{"line":18,"column":9}},"3":{"start":{"line":7,"column":28},"end":{"line":7,"column":58}},"4":{"start":{"line":9,"column":12},"end":{"line":9,"column":45}},"5":{"start":{"line":11,"column":12},"end":{"line":11,"column":33}},"6":{"start":{"line":13,"column":12},"end":{"line":13,"column":86}},"7":{"start":{"line":17,"column":12},"end":{"line":17,"column":94}},"8":{"start":{"line":21,"column":28},"end":{"line":23,"column":5}},"9":{"start":{"line":22,"column":8},"end":{"line":22,"column":65}},"10":{"start":{"line":25,"column":27},"end":{"line":35,"column":5}},"11":{"start":{"line":26,"column":8},"end":{"line":34,"column":9}},"12":{"start":{"line":27,"column":12},"end":{"line":27,"column":47}},"13":{"start":{"line":29,"column":12},"end":{"line":29,"column":91}},"14":{"start":{"line":33,"column":12},"end":{"line":33,"column":94}},"15":{"start":{"line":37,"column":27},"end":{"line":47,"column":5}},"16":{"start":{"line":38,"column":8},"end":{"line":46,"column":9}},"17":{"start":{"line":39,"column":12},"end":{"line":39,"column":40}},"18":{"start":{"line":41,"column":12},"end":{"line":41,"column":89}},"19":{"start":{"line":45,"column":12},"end":{"line":45,"column":94}},"20":{"start":{"line":4,"column":0},"end":{"line":4,"column":13}}},"fnMap":{"0":{"name":"(anonymous_1)","decl":{"start":{"line":5,"column":27},"end":{"line":5,"column":32}},"loc":{"start":{"line":5,"column":65},"end":{"line":19,"column":5}}},"1":{"name":"(anonymous_2)","decl":{"start":{"line":21,"column":28},"end":{"line":21,"column":33}},"loc":{"start":{"line":21,"column":66},"end":{"line":23,"column":5}}},"2":{"name":"(anonymous_3)","decl":{"start":{"line":25,"column":27},"end":{"line":25,"column":32}},"loc":{"start":{"line":25,"column":65},"end":{"line":35,"column":5}}},"3":{"name":"(anonymous_4)","decl":{"start":{"line":37,"column":27},"end":{"line":37,"column":32}},"loc":{"start":{"line":37,"column":65},"end":{"line":47,"column":5}}}},"branchMap":{},"s":{"0":1,"1":1,"2":2,"3":2,"4":1,"5":1,"6":1,"7":1,"8":1,"9":1,"10":1,"11":2,"12":2,"13":1,"14":1,"15":1,"16":2,"17":2,"18":1,"19":1,"20":1},"f":{"0":2,"1":1,"2":2,"3":2},"b":{}}
,"C:\\Users\\bauti\\OneDrive\\Documents\\Diego\\Full Stack Node.js React TS NestJS Next.js Creando Proyectos\\CashTrackr\\backend\\src\\emails\\AuthEmail.ts": {"path":"C:\\Users\\bauti\\OneDrive\\Documents\\Diego\\Full Stack Node.js React TS NestJS Next.js Creando Proyectos\\CashTrackr\\backend\\src\\emails\\AuthEmail.ts","statementMap":{"0":{"start":{"line":1,"column":0},"end":{"line":1,"column":49}},"1":{"start":{"line":10,"column":35},"end":{"line":35,"column":5}},"2":{"start":{"line":11,"column":8},"end":{"line":34,"column":11}},"3":{"start":{"line":37,"column":36},"end":{"line":63,"column":5}},"4":{"start":{"line":38,"column":8},"end":{"line":61,"column":11}},"5":{"start":{"line":9,"column":0},"end":{"line":9,"column":13}}},"fnMap":{"0":{"name":"(anonymous_0)","decl":{"start":{"line":10,"column":35},"end":{"line":10,"column":40}},"loc":{"start":{"line":10,"column":56},"end":{"line":35,"column":5}}},"1":{"name":"(anonymous_1)","decl":{"start":{"line":37,"column":36},"end":{"line":37,"column":41}},"loc":{"start":{"line":37,"column":57},"end":{"line":63,"column":5}}}},"branchMap":{},"s":{"0":1,"1":1,"2":0,"3":1,"4":0,"5":1},"f":{"0":0,"1":0},"b":{}}
,"C:\\Users\\bauti\\OneDrive\\Documents\\Diego\\Full Stack Node.js React TS NestJS Next.js Creando Proyectos\\CashTrackr\\backend\\src\\middleware\\budget.ts": {"path":"C:\\Users\\bauti\\OneDrive\\Documents\\Diego\\Full Stack Node.js React TS NestJS Next.js Creando Proyectos\\CashTrackr\\backend\\src\\middleware\\budget.ts","statementMap":{"0":{"start":{"line":2,"column":0},"end":{"line":2,"column":66}},"1":{"start":{"line":3,"column":0},"end":{"line":3,"column":38}},"2":{"start":{"line":13,"column":41},"end":{"line":24,"column":1}},"3":{"start":{"line":14,"column":4},"end":{"line":14,"column":null}},"4":{"start":{"line":16,"column":17},"end":{"line":16,"column":38}},"5":{"start":{"line":18,"column":4},"end":{"line":21,"column":5}},"6":{"start":{"line":19,"column":8},"end":{"line":19,"column":57}},"7":{"start":{"line":20,"column":8},"end":{"line":20,"column":14}},"8":{"start":{"line":23,"column":4},"end":{"line":23,"column":11}},"9":{"start":{"line":13,"column":13},"end":{"line":13,"column":41}},"10":{"start":{"line":26,"column":40},"end":{"line":42,"column":1}},"11":{"start":{"line":27,"column":4},"end":{"line":27,"column":102}},"12":{"start":{"line":29,"column":4},"end":{"line":32,"column":107}},"13":{"start":{"line":32,"column":25},"end":{"line":32,"column":34}},"14":{"start":{"line":34,"column":17},"end":{"line":34,"column":38}},"15":{"start":{"line":36,"column":4},"end":{"line":39,"column":5}},"16":{"start":{"line":37,"column":8},"end":{"line":37,"column":57}},"17":{"start":{"line":38,"column":8},"end":{"line":38,"column":14}},"18":{"start":{"line":41,"column":4},"end":{"line":41,"column":11}},"19":{"start":{"line":26,"column":13},"end":{"line":26,"column":40}},"20":{"start":{"line":44,"column":36},"end":{"line":66,"column":1}},"21":{"start":{"line":45,"column":4},"end":{"line":65,"column":5}},"22":{"start":{"line":46,"column":29},"end":{"line":46,"column":39}},"23":{"start":{"line":48,"column":23},"end":{"line":48,"column":54}},"24":{"start":{"line":50,"column":8},"end":{"line":56,"column":9}},"25":{"start":{"line":51,"column":26},"end":{"line":51,"column":64}},"26":{"start":{"line":53,"column":12},"end":{"line":53,"column":72}},"27":{"start":{"line":55,"column":12},"end":{"line":55,"column":19}},"28":{"start":{"line":58,"column":8},"end":{"line":58,"column":28}},"29":{"start":{"line":60,"column":8},"end":{"line":60,"column":15}},"30":{"start":{"line":64,"column":8},"end":{"line":64,"column":90}},"31":{"start":{"line":44,"column":13},"end":{"line":44,"column":36}}},"fnMap":{"0":{"name":"(anonymous_1)","decl":{"start":{"line":13,"column":41},"end":{"line":13,"column":46}},"loc":{"start":{"line":13,"column":99},"end":{"line":24,"column":1}}},"1":{"name":"(anonymous_2)","decl":{"start":{"line":26,"column":40},"end":{"line":26,"column":45}},"loc":{"start":{"line":26,"column":98},"end":{"line":42,"column":1}}},"2":{"name":"(anonymous_3)","decl":{"start":{"line":32,"column":16},"end":{"line":32,"column":21}},"loc":{"start":{"line":32,"column":25},"end":{"line":32,"column":34}}},"3":{"name":"(anonymous_4)","decl":{"start":{"line":44,"column":36},"end":{"line":44,"column":41}},"loc":{"start":{"line":44,"column":94},"end":{"line":66,"column":1}}}},"branchMap":{"0":{"loc":{"start":{"line":18,"column":4},"end":{"line":21,"column":5}},"type":"if","locations":[{"start":{"line":18,"column":4},"end":{"line":21,"column":5}}]},"1":{"loc":{"start":{"line":36,"column":4},"end":{"line":39,"column":5}},"type":"if","locations":[{"start":{"line":36,"column":4},"end":{"line":39,"column":5}}]},"2":{"loc":{"start":{"line":50,"column":8},"end":{"line":56,"column":9}},"type":"if","locations":[{"start":{"line":50,"column":8},"end":{"line":56,"column":9}}]},"3":{"loc":{"start":{"line":50,"column":11},"end":{"line":50,"column":51}},"type":"binary-expr","locations":[{"start":{"line":50,"column":11},"end":{"line":50,"column":18}},{"start":{"line":50,"column":22},"end":{"line":50,"column":51}}]}},"s":{"0":1,"1":1,"2":1,"3":0,"4":0,"5":0,"6":0,"7":0,"8":0,"9":1,"10":1,"11":0,"12":0,"13":0,"14":0,"15":0,"16":0,"17":0,"18":0,"19":1,"20":1,"21":3,"22":3,"23":3,"24":2,"25":1,"26":1,"27":1,"28":1,"29":1,"30":1,"31":1},"f":{"0":0,"1":0,"2":0,"3":3},"b":{"0":[0],"1":[0],"2":[1],"3":[2,1]}}
,"C:\\Users\\bauti\\OneDrive\\Documents\\Diego\\Full Stack Node.js React TS NestJS Next.js Creando Proyectos\\CashTrackr\\backend\\src\\middleware\\expense.ts": {"path":"C:\\Users\\bauti\\OneDrive\\Documents\\Diego\\Full Stack Node.js React TS NestJS Next.js Creando Proyectos\\CashTrackr\\backend\\src\\middleware\\expense.ts","statementMap":{"0":{"start":{"line":2,"column":0},"end":{"line":2,"column":66}},"1":{"start":{"line":3,"column":0},"end":{"line":3,"column":40}},"2":{"start":{"line":13,"column":42},"end":{"line":24,"column":1}},"3":{"start":{"line":14,"column":4},"end":{"line":14,"column":null}},"4":{"start":{"line":16,"column":17},"end":{"line":16,"column":38}},"5":{"start":{"line":18,"column":4},"end":{"line":21,"column":5}},"6":{"start":{"line":19,"column":8},"end":{"line":19,"column":57}},"7":{"start":{"line":20,"column":8},"end":{"line":20,"column":14}},"8":{"start":{"line":23,"column":4},"end":{"line":23,"column":11}},"9":{"start":{"line":13,"column":13},"end":{"line":13,"column":42}},"10":{"start":{"line":26,"column":41},"end":{"line":42,"column":1}},"11":{"start":{"line":27,"column":4},"end":{"line":27,"column":96}},"12":{"start":{"line":29,"column":4},"end":{"line":32,"column":107}},"13":{"start":{"line":32,"column":25},"end":{"line":32,"column":34}},"14":{"start":{"line":34,"column":17},"end":{"line":34,"column":38}},"15":{"start":{"line":36,"column":4},"end":{"line":39,"column":5}},"16":{"start":{"line":37,"column":8},"end":{"line":37,"column":57}},"17":{"start":{"line":38,"column":8},"end":{"line":38,"column":14}},"18":{"start":{"line":41,"column":4},"end":{"line":41,"column":11}},"19":{"start":{"line":26,"column":13},"end":{"line":26,"column":41}},"20":{"start":{"line":44,"column":37},"end":{"line":66,"column":1}},"21":{"start":{"line":45,"column":4},"end":{"line":65,"column":5}},"22":{"start":{"line":46,"column":30},"end":{"line":46,"column":40}},"23":{"start":{"line":48,"column":24},"end":{"line":48,"column":57}},"24":{"start":{"line":50,"column":8},"end":{"line":56,"column":9}},"25":{"start":{"line":51,"column":26},"end":{"line":51,"column":58}},"26":{"start":{"line":53,"column":12},"end":{"line":53,"column":72}},"27":{"start":{"line":55,"column":12},"end":{"line":55,"column":19}},"28":{"start":{"line":58,"column":8},"end":{"line":58,"column":30}},"29":{"start":{"line":60,"column":8},"end":{"line":60,"column":15}},"30":{"start":{"line":64,"column":8},"end":{"line":64,"column":null}},"31":{"start":{"line":44,"column":13},"end":{"line":44,"column":37}}},"fnMap":{"0":{"name":"(anonymous_1)","decl":{"start":{"line":13,"column":42},"end":{"line":13,"column":47}},"loc":{"start":{"line":13,"column":100},"end":{"line":24,"column":1}}},"1":{"name":"(anonymous_2)","decl":{"start":{"line":26,"column":41},"end":{"line":26,"column":46}},"loc":{"start":{"line":26,"column":99},"end":{"line":42,"column":1}}},"2":{"name":"(anonymous_3)","decl":{"start":{"line":32,"column":16},"end":{"line":32,"column":21}},"loc":{"start":{"line":32,"column":25},"end":{"line":32,"column":34}}},"3":{"name":"(anonymous_4)","decl":{"start":{"line":44,"column":37},"end":{"line":44,"column":42}},"loc":{"start":{"line":44,"column":95},"end":{"line":66,"column":1}}}},"branchMap":{"0":{"loc":{"start":{"line":18,"column":4},"end":{"line":21,"column":5}},"type":"if","locations":[{"start":{"line":18,"column":4},"end":{"line":21,"column":5}}]},"1":{"loc":{"start":{"line":36,"column":4},"end":{"line":39,"column":5}},"type":"if","locations":[{"start":{"line":36,"column":4},"end":{"line":39,"column":5}}]},"2":{"loc":{"start":{"line":50,"column":8},"end":{"line":56,"column":9}},"type":"if","locations":[{"start":{"line":50,"column":8},"end":{"line":56,"column":9}}]},"3":{"loc":{"start":{"line":50,"column":11},"end":{"line":50,"column":57}},"type":"binary-expr","locations":[{"start":{"line":50,"column":11},"end":{"line":50,"column":19}},{"start":{"line":50,"column":23},"end":{"line":50,"column":57}}]}},"s":{"0":1,"1":1,"2":1,"3":0,"4":0,"5":0,"6":0,"7":0,"8":0,"9":1,"10":1,"11":0,"12":0,"13":0,"14":0,"15":0,"16":0,"17":0,"18":0,"19":1,"20":1,"21":3,"22":3,"23":3,"24":2,"25":1,"26":1,"27":1,"28":1,"29":1,"30":1,"31":1},"f":{"0":0,"1":0,"2":0,"3":3},"b":{"0":[0],"1":[0],"2":[1],"3":[2,1]}}
,"C:\\Users\\bauti\\OneDrive\\Documents\\Diego\\Full Stack Node.js React TS NestJS Next.js Creando Proyectos\\CashTrackr\\backend\\src\\models\\Budget.ts": {"path":"C:\\Users\\bauti\\OneDrive\\Documents\\Diego\\Full Stack Node.js React TS NestJS Next.js Creando Proyectos\\CashTrackr\\backend\\src\\models\\Budget.ts","statementMap":{"0":{"start":{"line":1,"column":0},"end":{"line":1,"column":113}},"1":{"start":{"line":2,"column":0},"end":{"line":2,"column":32}},"2":{"start":{"line":3,"column":0},"end":{"line":3,"column":26}},"3":{"start":{"line":8,"column":0},"end":{"line":32,"column":null}},"4":{"start":{"line":13,"column":12},"end":{"line":13,"column":null}},"5":{"start":{"line":19,"column":12},"end":{"line":19,"column":null}},"6":{"start":{"line":22,"column":12},"end":{"line":22,"column":null}},"7":{"start":{"line":21,"column":22},"end":{"line":21,"column":26}},"8":{"start":{"line":25,"column":12},"end":{"line":25,"column":null}},"9":{"start":{"line":24,"column":21},"end":{"line":24,"column":25}},"10":{"start":{"line":31,"column":12},"end":{"line":31,"column":null}},"11":{"start":{"line":27,"column":19},"end":{"line":27,"column":26}},"12":{"start":{"line":8,"column":6},"end":{"line":32,"column":null}},"13":{"start":{"line":34,"column":0},"end":{"line":34,"column":22}}},"fnMap":{"0":{"name":"(anonymous_3)","decl":{"start":{"line":21,"column":16},"end":{"line":21,"column":19}},"loc":{"start":{"line":21,"column":22},"end":{"line":21,"column":26}}},"1":{"name":"(anonymous_4)","decl":{"start":{"line":24,"column":15},"end":{"line":24,"column":18}},"loc":{"start":{"line":24,"column":21},"end":{"line":24,"column":25}}},"2":{"name":"(anonymous_5)","decl":{"start":{"line":27,"column":13},"end":{"line":27,"column":16}},"loc":{"start":{"line":27,"column":19},"end":{"line":27,"column":26}}}},"branchMap":{"0":{"loc":{"start":{"line":25,"column":18},"end":{"line":25,"column":null}},"type":"cond-expr","locations":[{"start":{"line":25,"column":22},"end":{"line":25,"column":null}},{"start":{"line":25,"column":22},"end":{"line":25,"column":null}}]},"1":{"loc":{"start":{"line":25,"column":18},"end":{"line":25,"column":22}},"type":"binary-expr","locations":[{"start":{"line":25,"column":18},"end":{"line":25,"column":null}},{"start":{"line":25,"column":18},"end":{"line":25,"column":22}}]}},"s":{"0":1,"1":1,"2":1,"3":1,"4":1,"5":1,"6":1,"7":0,"8":1,"9":0,"10":1,"11":0,"12":1,"13":1},"f":{"0":0,"1":0,"2":0},"b":{"0":[0,1],"1":[1,1]}}
,"C:\\Users\\bauti\\OneDrive\\Documents\\Diego\\Full Stack Node.js React TS NestJS Next.js Creando Proyectos\\CashTrackr\\backend\\src\\models\\Expense.ts": {"path":"C:\\Users\\bauti\\OneDrive\\Documents\\Diego\\Full Stack Node.js React TS NestJS Next.js Creando Proyectos\\CashTrackr\\backend\\src\\models\\Expense.ts","statementMap":{"0":{"start":{"line":1,"column":0},"end":{"line":1,"column":103}},"1":{"start":{"line":2,"column":0},"end":{"line":2,"column":30}},"2":{"start":{"line":7,"column":0},"end":{"line":25,"column":null}},"3":{"start":{"line":12,"column":12},"end":{"line":12,"column":null}},"4":{"start":{"line":18,"column":12},"end":{"line":18,"column":null}},"5":{"start":{"line":21,"column":12},"end":{"line":21,"column":null}},"6":{"start":{"line":20,"column":22},"end":{"line":20,"column":28}},"7":{"start":{"line":24,"column":12},"end":{"line":24,"column":null}},"8":{"start":{"line":23,"column":21},"end":{"line":23,"column":27}},"9":{"start":{"line":7,"column":6},"end":{"line":25,"column":null}},"10":{"start":{"line":27,"column":0},"end":{"line":27,"column":23}}},"fnMap":{"0":{"name":"(anonymous_3)","decl":{"start":{"line":20,"column":16},"end":{"line":20,"column":19}},"loc":{"start":{"line":20,"column":22},"end":{"line":20,"column":28}}},"1":{"name":"(anonymous_4)","decl":{"start":{"line":23,"column":15},"end":{"line":23,"column":18}},"loc":{"start":{"line":23,"column":21},"end":{"line":23,"column":27}}}},"branchMap":{"0":{"loc":{"start":{"line":24,"column":20},"end":{"line":24,"column":null}},"type":"cond-expr","locations":[{"start":{"line":24,"column":26},"end":{"line":24,"column":null}},{"start":{"line":24,"column":26},"end":{"line":24,"column":null}}]},"1":{"loc":{"start":{"line":24,"column":20},"end":{"line":24,"column":26}},"type":"binary-expr","locations":[{"start":{"line":24,"column":20},"end":{"line":24,"column":null}},{"start":{"line":24,"column":20},"end":{"line":24,"column":26}}]}},"s":{"0":2,"1":2,"2":2,"3":2,"4":2,"5":2,"6":0,"7":2,"8":0,"9":2,"10":2},"f":{"0":0,"1":0},"b":{"0":[0,2],"1":[2,1]}}
,"C:\\Users\\bauti\\OneDrive\\Documents\\Diego\\Full Stack Node.js React TS NestJS Next.js Creando Proyectos\\CashTrackr\\backend\\src\\models\\User.ts": {"path":"C:\\Users\\bauti\\OneDrive\\Documents\\Diego\\Full Stack Node.js React TS NestJS Next.js Creando Proyectos\\CashTrackr\\backend\\src\\models\\User.ts","statementMap":{"0":{"start":{"line":1,"column":0},"end":{"line":1,"column":107}},"1":{"start":{"line":2,"column":0},"end":{"line":2,"column":30}},"2":{"start":{"line":7,"column":0},"end":{"line":44,"column":null}},"3":{"start":{"line":12,"column":12},"end":{"line":12,"column":null}},"4":{"start":{"line":19,"column":12},"end":{"line":19,"column":null}},"5":{"start":{"line":25,"column":12},"end":{"line":25,"column":null}},"6":{"start":{"line":30,"column":12},"end":{"line":30,"column":null}},"7":{"start":{"line":37,"column":12},"end":{"line":37,"column":null}},"8":{"start":{"line":43,"column":12},"end":{"line":43,"column":null}},"9":{"start":{"line":39,"column":19},"end":{"line":39,"column":25}},"10":{"start":{"line":7,"column":6},"end":{"line":44,"column":null}},"11":{"start":{"line":46,"column":0},"end":{"line":46,"column":20}}},"fnMap":{"0":{"name":"(anonymous_3)","decl":{"start":{"line":39,"column":13},"end":{"line":39,"column":16}},"loc":{"start":{"line":39,"column":19},"end":{"line":39,"column":25}}}},"branchMap":{},"s":{"0":1,"1":1,"2":1,"3":1,"4":1,"5":1,"6":1,"7":1,"8":1,"9":0,"10":1,"11":1},"f":{"0":0},"b":{}}
,"C:\\Users\\bauti\\OneDrive\\Documents\\Diego\\Full Stack Node.js React TS NestJS Next.js Creando Proyectos\\CashTrackr\\backend\\src\\tests\\mocks\\budgets.ts": {"path":"C:\\Users\\bauti\\OneDrive\\Documents\\Diego\\Full Stack Node.js React TS NestJS Next.js Creando Proyectos\\CashTrackr\\backend\\src\\tests\\mocks\\budgets.ts","statementMap":{"0":{"start":{"line":1,"column":13},"end":{"line":71,"column":2}}},"fnMap":{},"branchMap":{},"s":{"0":2},"f":{},"b":{}}
,"C:\\Users\\bauti\\OneDrive\\Documents\\Diego\\Full Stack Node.js React TS NestJS Next.js Creando Proyectos\\CashTrackr\\backend\\src\\tests\\mocks\\expenses.ts": {"path":"C:\\Users\\bauti\\OneDrive\\Documents\\Diego\\Full Stack Node.js React TS NestJS Next.js Creando Proyectos\\CashTrackr\\backend\\src\\tests\\mocks\\expenses.ts","statementMap":{"0":{"start":{"line":1,"column":13},"end":{"line":26,"column":null}}},"fnMap":{},"branchMap":{},"s":{"0":2},"f":{},"b":{}}
,"C:\\Users\\bauti\\OneDrive\\Documents\\Diego\\Full Stack Node.js React TS NestJS Next.js Creando Proyectos\\CashTrackr\\backend\\src\\utils\\auth.ts": {"path":"C:\\Users\\bauti\\OneDrive\\Documents\\Diego\\Full Stack Node.js React TS NestJS Next.js Creando Proyectos\\CashTrackr\\backend\\src\\utils\\auth.ts","statementMap":{"0":{"start":{"line":1,"column":0},"end":{"line":1,"column":29}},"1":{"start":{"line":4,"column":28},"end":{"line":8,"column":1}},"2":{"start":{"line":5,"column":17},"end":{"line":5,"column":42}},"3":{"start":{"line":7,"column":4},"end":{"line":7,"column":46}},"4":{"start":{"line":4,"column":13},"end":{"line":4,"column":28}},"5":{"start":{"line":10,"column":30},"end":{"line":10,"column":163}},"6":{"start":{"line":10,"column":109},"end":{"line":10,"column":163}},"7":{"start":{"line":10,"column":13},"end":{"line":10,"column":30}}},"fnMap":{"0":{"name":"(anonymous_1)","decl":{"start":{"line":4,"column":28},"end":{"line":4,"column":33}},"loc":{"start":{"line":4,"column":65},"end":{"line":8,"column":1}}},"1":{"name":"(anonymous_2)","decl":{"start":{"line":10,"column":30},"end":{"line":10,"column":35}},"loc":{"start":{"line":10,"column":109},"end":{"line":10,"column":163}}}},"branchMap":{},"s":{"0":1,"1":1,"2":0,"3":0,"4":1,"5":1,"6":0,"7":1},"f":{"0":0,"1":0},"b":{}}
,"C:\\Users\\bauti\\OneDrive\\Documents\\Diego\\Full Stack Node.js React TS NestJS Next.js Creando Proyectos\\CashTrackr\\backend\\src\\utils\\index.ts": {"path":"C:\\Users\\bauti\\OneDrive\\Documents\\Diego\\Full Stack Node.js React TS NestJS Next.js Creando Proyectos\\CashTrackr\\backend\\src\\utils\\index.ts","statementMap":{"0":{"start":{"line":3,"column":33},"end":{"line":11,"column":1}},"1":{"start":{"line":8,"column":18},"end":{"line":8,"column":36}},"2":{"start":{"line":10,"column":4},"end":{"line":10,"column":67}},"3":{"start":{"line":3,"column":13},"end":{"line":3,"column":33}}},"fnMap":{"0":{"name":"(anonymous_0)","decl":{"start":{"line":3,"column":33},"end":{"line":3,"column":null}},"loc":{"start":{"line":7,"column":4},"end":{"line":11,"column":1}}}},"branchMap":{},"s":{"0":1,"1":0,"2":0,"3":1},"f":{"0":0},"b":{}}
,"C:\\Users\\bauti\\OneDrive\\Documents\\Diego\\Full Stack Node.js React TS NestJS Next.js Creando Proyectos\\CashTrackr\\backend\\src\\utils\\jwt.ts": {"path":"C:\\Users\\bauti\\OneDrive\\Documents\\Diego\\Full Stack Node.js React TS NestJS Next.js Creando Proyectos\\CashTrackr\\backend\\src\\utils\\jwt.ts","statementMap":{"0":{"start":{"line":1,"column":0},"end":{"line":1,"column":31}},"1":{"start":{"line":4,"column":27},"end":{"line":4,"column":119}},"2":{"start":{"line":4,"column":56},"end":{"line":4,"column":119}},"3":{"start":{"line":4,"column":13},"end":{"line":4,"column":27}}},"fnMap":{"0":{"name":"(anonymous_1)","decl":{"start":{"line":4,"column":27},"end":{"line":4,"column":28}},"loc":{"start":{"line":4,"column":56},"end":{"line":4,"column":119}}}},"branchMap":{},"s":{"0":1,"1":1,"2":0,"3":1},"f":{"0":0},"b":{}}
,"C:\\Users\\bauti\\OneDrive\\Documents\\Diego\\Full Stack Node.js React TS NestJS Next.js Creando Proyectos\\CashTrackr\\backend\\src\\utils\\token.ts": {"path":"C:\\Users\\bauti\\OneDrive\\Documents\\Diego\\Full Stack Node.js React TS NestJS Next.js Creando Proyectos\\CashTrackr\\backend\\src\\utils\\token.ts","statementMap":{"0":{"start":{"line":1,"column":29},"end":{"line":1,"column":89}},"1":{"start":{"line":1,"column":35},"end":{"line":1,"column":89}},"2":{"start":{"line":1,"column":13},"end":{"line":1,"column":29}}},"fnMap":{"0":{"name":"(anonymous_0)","decl":{"start":{"line":1,"column":29},"end":{"line":1,"column":32}},"loc":{"start":{"line":1,"column":35},"end":{"line":1,"column":89}}}},"branchMap":{},"s":{"0":1,"1":0,"2":1},"f":{"0":0},"b":{}}
}
