{"C:\\Users\\bauti\\OneDrive\\Documents\\Diego\\Full Stack Node.js React TS NestJS Next.js Creando Proyectos\\CashTrackr\\backend\\src\\server.ts": {"path":"C:\\Users\\bauti\\OneDrive\\Documents\\Diego\\Full Stack Node.js React TS NestJS Next.js Creando Proyectos\\CashTrackr\\backend\\src\\server.ts","statementMap":{"0":{"start":{"line":1,"column":0},"end":{"line":1,"column":30}},"1":{"start":{"line":2,"column":0},"end":{"line":2,"column":28}},"2":{"start":{"line":3,"column":0},"end":{"line":3,"column":49}},"3":{"start":{"line":4,"column":0},"end":{"line":4,"column":45}},"4":{"start":{"line":6,"column":12},"end":{"line":6,"column":21}},"5":{"start":{"line":8,"column":0},"end":{"line":8,"column":23}},"6":{"start":{"line":10,"column":0},"end":{"line":10,"column":24}},"7":{"start":{"line":12,"column":0},"end":{"line":12,"column":38}},"8":{"start":{"line":13,"column":0},"end":{"line":13,"column":33}},"9":{"start":{"line":15,"column":0},"end":{"line":15,"column":19}}},"fnMap":{},"branchMap":{},"s":{"0":1,"1":1,"2":1,"3":1,"4":1,"5":1,"6":1,"7":1,"8":1,"9":1},"f":{},"b":{}}
,"C:\\Users\\bauti\\OneDrive\\Documents\\Diego\\Full Stack Node.js React TS NestJS Next.js Creando Proyectos\\CashTrackr\\backend\\src\\config\\db.ts": {"path":"C:\\Users\\bauti\\OneDrive\\Documents\\Diego\\Full Stack Node.js React TS NestJS Next.js Creando Proyectos\\CashTrackr\\backend\\src\\config\\db.ts","statementMap":{"0":{"start":{"line":1,"column":0},"end":{"line":1,"column":49}},"1":{"start":{"line":2,"column":0},"end":{"line":2,"column":28}},"2":{"start":{"line":4,"column":12},"end":{"line":4,"column":36}},"3":{"start":{"line":6,"column":11},"end":{"line":10,"column":2}},"4":{"start":{"line":12,"column":25},"end":{"line":22,"column":1}},"5":{"start":{"line":13,"column":4},"end":{"line":21,"column":5}},"6":{"start":{"line":14,"column":8},"end":{"line":14,"column":32}},"7":{"start":{"line":16,"column":8},"end":{"line":16,"column":24}},"8":{"start":{"line":18,"column":8},"end":{"line":18,"column":69}},"9":{"start":{"line":20,"column":8},"end":{"line":20,"column":81}},"10":{"start":{"line":12,"column":13},"end":{"line":12,"column":25}},"11":{"start":{"line":24,"column":0},"end":{"line":24,"column":18}}},"fnMap":{"0":{"name":"(anonymous_1)","decl":{"start":{"line":12,"column":25},"end":{"line":12,"column":30}},"loc":{"start":{"line":12,"column":36},"end":{"line":22,"column":1}}}},"branchMap":{},"s":{"0":1,"1":1,"2":1,"3":1,"4":1,"5":0,"6":0,"7":0,"8":0,"9":0,"10":1,"11":1},"f":{"0":0},"b":{}}
,"C:\\Users\\bauti\\OneDrive\\Documents\\Diego\\Full Stack Node.js React TS NestJS Next.js Creando Proyectos\\CashTrackr\\backend\\src\\config\\limiter.ts": {"path":"C:\\Users\\bauti\\OneDrive\\Documents\\Diego\\Full Stack Node.js React TS NestJS Next.js Creando Proyectos\\CashTrackr\\backend\\src\\config\\limiter.ts","statementMap":{"0":{"start":{"line":1,"column":0},"end":{"line":1,"column":47}},"1":{"start":{"line":3,"column":13},"end":{"line":10,"column":3}}},"fnMap":{},"branchMap":{"0":{"loc":{"start":{"line":5,"column":11},"end":{"line":5,"column":58}},"type":"cond-expr","locations":[{"start":{"line":5,"column":51},"end":{"line":5,"column":52}},{"start":{"line":5,"column":55},"end":{"line":5,"column":58}}]}},"s":{"0":1,"1":1},"f":{},"b":{"0":[0,1]}}
,"C:\\Users\\bauti\\OneDrive\\Documents\\Diego\\Full Stack Node.js React TS NestJS Next.js Creando Proyectos\\CashTrackr\\backend\\src\\config\\nodemailer.ts": {"path":"C:\\Users\\bauti\\OneDrive\\Documents\\Diego\\Full Stack Node.js React TS NestJS Next.js Creando Proyectos\\CashTrackr\\backend\\src\\config\\nodemailer.ts","statementMap":{"0":{"start":{"line":1,"column":0},"end":{"line":1,"column":36}},"1":{"start":{"line":3,"column":15},"end":{"line":12,"column":1}},"2":{"start":{"line":4,"column":4},"end":{"line":11,"column":null}},"3":{"start":{"line":14,"column":13},"end":{"line":14,"column":62}}},"fnMap":{"0":{"name":"(anonymous_1)","decl":{"start":{"line":3,"column":15},"end":{"line":3,"column":18}},"loc":{"start":{"line":3,"column":20},"end":{"line":12,"column":1}}}},"branchMap":{},"s":{"0":2,"1":2,"2":2,"3":2},"f":{"0":2},"b":{}}
,"C:\\Users\\bauti\\OneDrive\\Documents\\Diego\\Full Stack Node.js React TS NestJS Next.js Creando Proyectos\\CashTrackr\\backend\\src\\controllers\\AuthController.ts": {"path":"C:\\Users\\bauti\\OneDrive\\Documents\\Diego\\Full Stack Node.js React TS NestJS Next.js Creando Proyectos\\CashTrackr\\backend\\src\\controllers\\AuthController.ts","statementMap":{"0":{"start":{"line":2,"column":0},"end":{"line":2,"column":34}},"1":{"start":{"line":3,"column":0},"end":{"line":3,"column":60}},"2":{"start":{"line":4,"column":0},"end":{"line":4,"column":47}},"3":{"start":{"line":5,"column":0},"end":{"line":5,"column":48}},"4":{"start":{"line":6,"column":0},"end":{"line":6,"column":43}},"5":{"start":{"line":7,"column":0},"end":{"line":7,"column":45}},"6":{"start":{"line":10,"column":27},"end":{"line":46,"column":5}},"7":{"start":{"line":11,"column":8},"end":{"line":45,"column":9}},"8":{"start":{"line":12,"column":31},"end":{"line":12,"column":87}},"9":{"start":{"line":14,"column":12},"end":{"line":20,"column":13}},"10":{"start":{"line":15,"column":30},"end":{"line":15,"column":77}},"11":{"start":{"line":17,"column":16},"end":{"line":17,"column":76}},"12":{"start":{"line":19,"column":16},"end":{"line":19,"column":23}},"13":{"start":{"line":22,"column":25},"end":{"line":22,"column":45}},"14":{"start":{"line":24,"column":12},"end":{"line":24,"column":66}},"15":{"start":{"line":26,"column":26},"end":{"line":26,"column":41}},"16":{"start":{"line":28,"column":12},"end":{"line":28,"column":31}},"17":{"start":{"line":30,"column":12},"end":{"line":30,"column":null}},"18":{"start":{"line":30,"column":54},"end":{"line":30,"column":null}},"19":{"start":{"line":32,"column":12},"end":{"line":36,"column":15}},"20":{"start":{"line":38,"column":12},"end":{"line":38,"column":30}},"21":{"start":{"line":40,"column":12},"end":{"line":40,"column":87}},"22":{"start":{"line":42,"column":12},"end":{"line":42,"column":84}},"23":{"start":{"line":44,"column":12},"end":{"line":44,"column":94}},"24":{"start":{"line":48,"column":28},"end":{"line":73,"column":5}},"25":{"start":{"line":49,"column":8},"end":{"line":72,"column":9}},"26":{"start":{"line":50,"column":26},"end":{"line":50,"column":51}},"27":{"start":{"line":52,"column":25},"end":{"line":52,"column":65}},"28":{"start":{"line":54,"column":12},"end":{"line":60,"column":13}},"29":{"start":{"line":55,"column":30},"end":{"line":55,"column":58}},"30":{"start":{"line":57,"column":16},"end":{"line":57,"column":76}},"31":{"start":{"line":59,"column":16},"end":{"line":59,"column":23}},"32":{"start":{"line":62,"column":12},"end":{"line":62,"column":45}},"33":{"start":{"line":63,"column":12},"end":{"line":63,"column":30}},"34":{"start":{"line":65,"column":12},"end":{"line":65,"column":30}},"35":{"start":{"line":67,"column":12},"end":{"line":67,"column":91}},"36":{"start":{"line":69,"column":12},"end":{"line":69,"column":88}},"37":{"start":{"line":71,"column":12},"end":{"line":71,"column":94}},"38":{"start":{"line":75,"column":19},"end":{"line":113,"column":5}},"39":{"start":{"line":76,"column":8},"end":{"line":112,"column":9}},"40":{"start":{"line":77,"column":40},"end":{"line":77,"column":48}},"41":{"start":{"line":79,"column":25},"end":{"line":79,"column":65}},"42":{"start":{"line":81,"column":12},"end":{"line":87,"column":13}},"43":{"start":{"line":82,"column":30},"end":{"line":82,"column":88}},"44":{"start":{"line":84,"column":16},"end":{"line":84,"column":76}},"45":{"start":{"line":86,"column":16},"end":{"line":86,"column":23}},"46":{"start":{"line":89,"column":12},"end":{"line":95,"column":13}},"47":{"start":{"line":90,"column":30},"end":{"line":90,"column":74}},"48":{"start":{"line":92,"column":16},"end":{"line":92,"column":76}},"49":{"start":{"line":94,"column":16},"end":{"line":94,"column":23}},"50":{"start":{"line":97,"column":38},"end":{"line":97,"column":82}},"51":{"start":{"line":99,"column":12},"end":{"line":105,"column":13}},"52":{"start":{"line":100,"column":30},"end":{"line":100,"column":71}},"53":{"start":{"line":102,"column":16},"end":{"line":102,"column":76}},"54":{"start":{"line":104,"column":16},"end":{"line":104,"column":23}},"55":{"start":{"line":107,"column":12},"end":{"line":107,"column":76}},"56":{"start":{"line":109,"column":12},"end":{"line":109,"column":75}},"57":{"start":{"line":111,"column":12},"end":{"line":111,"column":94}},"58":{"start":{"line":115,"column":28},"end":{"line":153,"column":5}},"59":{"start":{"line":116,"column":8},"end":{"line":152,"column":9}},"60":{"start":{"line":117,"column":30},"end":{"line":117,"column":38}},"61":{"start":{"line":119,"column":25},"end":{"line":119,"column":65}},"62":{"start":{"line":121,"column":12},"end":{"line":127,"column":13}},"63":{"start":{"line":122,"column":30},"end":{"line":122,"column":88}},"64":{"start":{"line":124,"column":16},"end":{"line":124,"column":76}},"65":{"start":{"line":126,"column":16},"end":{"line":126,"column":23}},"66":{"start":{"line":129,"column":12},"end":{"line":135,"column":13}},"67":{"start":{"line":130,"column":30},"end":{"line":130,"column":74}},"68":{"start":{"line":132,"column":16},"end":{"line":132,"column":76}},"69":{"start":{"line":134,"column":16},"end":{"line":134,"column":23}},"70":{"start":{"line":137,"column":12},"end":{"line":137,"column":41}},"71":{"start":{"line":139,"column":12},"end":{"line":139,"column":30}},"72":{"start":{"line":141,"column":12},"end":{"line":145,"column":15}},"73":{"start":{"line":147,"column":12},"end":{"line":147,"column":103}},"74":{"start":{"line":149,"column":12},"end":{"line":149,"column":92}},"75":{"start":{"line":151,"column":12},"end":{"line":151,"column":94}},"76":{"start":{"line":155,"column":27},"end":{"line":175,"column":5}},"77":{"start":{"line":156,"column":8},"end":{"line":174,"column":9}},"78":{"start":{"line":157,"column":30},"end":{"line":157,"column":38}},"79":{"start":{"line":159,"column":25},"end":{"line":159,"column":65}},"80":{"start":{"line":161,"column":12},"end":{"line":167,"column":13}},"81":{"start":{"line":162,"column":30},"end":{"line":162,"column":58}},"82":{"start":{"line":164,"column":16},"end":{"line":164,"column":76}},"83":{"start":{"line":166,"column":16},"end":{"line":166,"column":23}},"84":{"start":{"line":169,"column":12},"end":{"line":169,"column":72}},"85":{"start":{"line":171,"column":12},"end":{"line":171,"column":92}},"86":{"start":{"line":173,"column":12},"end":{"line":173,"column":94}},"87":{"start":{"line":177,"column":36},"end":{"line":203,"column":5}},"88":{"start":{"line":178,"column":8},"end":{"line":202,"column":9}},"89":{"start":{"line":179,"column":30},"end":{"line":179,"column":40}},"90":{"start":{"line":180,"column":33},"end":{"line":180,"column":41}},"91":{"start":{"line":182,"column":25},"end":{"line":182,"column":65}},"92":{"start":{"line":184,"column":12},"end":{"line":190,"column":13}},"93":{"start":{"line":185,"column":30},"end":{"line":185,"column":58}},"94":{"start":{"line":187,"column":16},"end":{"line":187,"column":76}},"95":{"start":{"line":189,"column":16},"end":{"line":189,"column":23}},"96":{"start":{"line":192,"column":12},"end":{"line":192,"column":57}},"97":{"start":{"line":193,"column":12},"end":{"line":193,"column":30}},"98":{"start":{"line":195,"column":12},"end":{"line":195,"column":30}},"99":{"start":{"line":197,"column":12},"end":{"line":197,"column":94}},"100":{"start":{"line":199,"column":12},"end":{"line":199,"column":91}},"101":{"start":{"line":201,"column":12},"end":{"line":201,"column":94}},"102":{"start":{"line":205,"column":21},"end":{"line":207,"column":5}},"103":{"start":{"line":206,"column":8},"end":{"line":206,"column":59}},"104":{"start":{"line":209,"column":40},"end":{"line":231,"column":5}},"105":{"start":{"line":210,"column":8},"end":{"line":230,"column":9}},"106":{"start":{"line":211,"column":85},"end":{"line":211,"column":93}},"107":{"start":{"line":213,"column":25},"end":{"line":213,"column":57}},"108":{"start":{"line":215,"column":12},"end":{"line":215,"column":67}},"109":{"start":{"line":215,"column":22},"end":{"line":215,"column":67}},"110":{"start":{"line":217,"column":38},"end":{"line":217,"column":89}},"111":{"start":{"line":219,"column":12},"end":{"line":219,"column":108}},"112":{"start":{"line":219,"column":35},"end":{"line":219,"column":108}},"113":{"start":{"line":221,"column":12},"end":{"line":221,"column":60}},"114":{"start":{"line":223,"column":12},"end":{"line":223,"column":30}},"115":{"start":{"line":225,"column":12},"end":{"line":225,"column":93}},"116":{"start":{"line":227,"column":12},"end":{"line":227,"column":93}},"117":{"start":{"line":229,"column":12},"end":{"line":229,"column":94}},"118":{"start":{"line":233,"column":27},"end":{"line":251,"column":5}},"119":{"start":{"line":234,"column":8},"end":{"line":250,"column":9}},"120":{"start":{"line":235,"column":58},"end":{"line":235,"column":66}},"121":{"start":{"line":237,"column":25},"end":{"line":237,"column":57}},"122":{"start":{"line":239,"column":12},"end":{"line":239,"column":67}},"123":{"start":{"line":239,"column":22},"end":{"line":239,"column":67}},"124":{"start":{"line":241,"column":38},"end":{"line":241,"column":89}},"125":{"start":{"line":243,"column":12},"end":{"line":243,"column":108}},"126":{"start":{"line":243,"column":35},"end":{"line":243,"column":108}},"127":{"start":{"line":245,"column":12},"end":{"line":245,"column":92}},"128":{"start":{"line":247,"column":12},"end":{"line":247,"column":93}},"129":{"start":{"line":249,"column":12},"end":{"line":249,"column":94}},"130":{"start":{"line":9,"column":0},"end":{"line":9,"column":13}}},"fnMap":{"0":{"name":"(anonymous_1)","decl":{"start":{"line":10,"column":27},"end":{"line":10,"column":32}},"loc":{"start":{"line":10,"column":65},"end":{"line":46,"column":5}}},"1":{"name":"(anonymous_2)","decl":{"start":{"line":48,"column":28},"end":{"line":48,"column":33}},"loc":{"start":{"line":48,"column":66},"end":{"line":73,"column":5}}},"2":{"name":"(anonymous_3)","decl":{"start":{"line":75,"column":19},"end":{"line":75,"column":24}},"loc":{"start":{"line":75,"column":57},"end":{"line":113,"column":5}}},"3":{"name":"(anonymous_4)","decl":{"start":{"line":115,"column":28},"end":{"line":115,"column":33}},"loc":{"start":{"line":115,"column":66},"end":{"line":153,"column":5}}},"4":{"name":"(anonymous_5)","decl":{"start":{"line":155,"column":27},"end":{"line":155,"column":32}},"loc":{"start":{"line":155,"column":65},"end":{"line":175,"column":5}}},"5":{"name":"(anonymous_6)","decl":{"start":{"line":177,"column":36},"end":{"line":177,"column":41}},"loc":{"start":{"line":177,"column":74},"end":{"line":203,"column":5}}},"6":{"name":"(anonymous_7)","decl":{"start":{"line":205,"column":21},"end":{"line":205,"column":22}},"loc":{"start":{"line":205,"column":53},"end":{"line":207,"column":5}}},"7":{"name":"(anonymous_8)","decl":{"start":{"line":209,"column":40},"end":{"line":209,"column":45}},"loc":{"start":{"line":209,"column":78},"end":{"line":231,"column":5}}},"8":{"name":"(anonymous_9)","decl":{"start":{"line":233,"column":27},"end":{"line":233,"column":32}},"loc":{"start":{"line":233,"column":65},"end":{"line":251,"column":5}}}},"branchMap":{"0":{"loc":{"start":{"line":14,"column":12},"end":{"line":20,"column":13}},"type":"if","locations":[{"start":{"line":14,"column":12},"end":{"line":20,"column":13}}]},"1":{"loc":{"start":{"line":30,"column":12},"end":{"line":30,"column":null}},"type":"if","locations":[{"start":{"line":30,"column":12},"end":{"line":30,"column":null}}]},"2":{"loc":{"start":{"line":54,"column":12},"end":{"line":60,"column":13}},"type":"if","locations":[{"start":{"line":54,"column":12},"end":{"line":60,"column":13}}]},"3":{"loc":{"start":{"line":81,"column":12},"end":{"line":87,"column":13}},"type":"if","locations":[{"start":{"line":81,"column":12},"end":{"line":87,"column":13}}]},"4":{"loc":{"start":{"line":89,"column":12},"end":{"line":95,"column":13}},"type":"if","locations":[{"start":{"line":89,"column":12},"end":{"line":95,"column":13}}]},"5":{"loc":{"start":{"line":99,"column":12},"end":{"line":105,"column":13}},"type":"if","locations":[{"start":{"line":99,"column":12},"end":{"line":105,"column":13}}]},"6":{"loc":{"start":{"line":121,"column":12},"end":{"line":127,"column":13}},"type":"if","locations":[{"start":{"line":121,"column":12},"end":{"line":127,"column":13}}]},"7":{"loc":{"start":{"line":129,"column":12},"end":{"line":135,"column":13}},"type":"if","locations":[{"start":{"line":129,"column":12},"end":{"line":135,"column":13}}]},"8":{"loc":{"start":{"line":161,"column":12},"end":{"line":167,"column":13}},"type":"if","locations":[{"start":{"line":161,"column":12},"end":{"line":167,"column":13}}]},"9":{"loc":{"start":{"line":184,"column":12},"end":{"line":190,"column":13}},"type":"if","locations":[{"start":{"line":184,"column":12},"end":{"line":190,"column":13}}]},"10":{"loc":{"start":{"line":215,"column":12},"end":{"line":215,"column":67}},"type":"if","locations":[{"start":{"line":215,"column":12},"end":{"line":215,"column":67}}]},"11":{"loc":{"start":{"line":219,"column":12},"end":{"line":219,"column":108}},"type":"if","locations":[{"start":{"line":219,"column":12},"end":{"line":219,"column":108}}]},"12":{"loc":{"start":{"line":239,"column":12},"end":{"line":239,"column":67}},"type":"if","locations":[{"start":{"line":239,"column":12},"end":{"line":239,"column":67}}]},"13":{"loc":{"start":{"line":243,"column":12},"end":{"line":243,"column":108}},"type":"if","locations":[{"start":{"line":243,"column":12},"end":{"line":243,"column":108}}]}},"s":{"0":2,"1":2,"2":2,"3":2,"4":2,"5":2,"6":2,"7":5,"8":5,"9":5,"10":2,"11":2,"12":2,"13":3,"14":3,"15":3,"16":3,"17":3,"18":3,"19":3,"20":3,"21":3,"22":0,"23":0,"24":2,"25":2,"26":2,"27":2,"28":2,"29":1,"30":1,"31":1,"32":1,"33":1,"34":1,"35":1,"36":0,"37":0,"38":2,"39":13,"40":13,"41":13,"42":13,"43":2,"44":2,"45":2,"46":11,"47":2,"48":2,"49":2,"50":9,"51":9,"52":2,"53":2,"54":2,"55":7,"56":0,"57":0,"58":2,"59":0,"60":0,"61":0,"62":0,"63":0,"64":0,"65":0,"66":0,"67":0,"68":0,"69":0,"70":0,"71":0,"72":0,"73":0,"74":0,"75":0,"76":2,"77":0,"78":0,"79":0,"80":0,"81":0,"82":0,"83":0,"84":0,"85":0,"86":0,"87":2,"88":0,"89":0,"90":0,"91":0,"92":0,"93":0,"94":0,"95":0,"96":0,"97":0,"98":0,"99":0,"100":0,"101":0,"102":2,"103":0,"104":2,"105":0,"106":0,"107":0,"108":0,"109":0,"110":0,"111":0,"112":0,"113":0,"114":0,"115":0,"116":0,"117":0,"118":2,"119":0,"120":0,"121":0,"122":0,"123":0,"124":0,"125":0,"126":0,"127":0,"128":0,"129":0,"130":2},"f":{"0":5,"1":2,"2":13,"3":0,"4":0,"5":0,"6":0,"7":0,"8":0},"b":{"0":[2],"1":[3],"2":[1],"3":[2],"4":[2],"5":[2],"6":[0],"7":[0],"8":[0],"9":[0],"10":[0],"11":[0],"12":[0],"13":[0]}}
,"C:\\Users\\bauti\\OneDrive\\Documents\\Diego\\Full Stack Node.js React TS NestJS Next.js Creando Proyectos\\CashTrackr\\backend\\src\\controllers\\BudgetController.ts": {"path":"C:\\Users\\bauti\\OneDrive\\Documents\\Diego\\Full Stack Node.js React TS NestJS Next.js Creando Proyectos\\CashTrackr\\backend\\src\\controllers\\BudgetController.ts","statementMap":{"0":{"start":{"line":2,"column":0},"end":{"line":2,"column":38}},"1":{"start":{"line":3,"column":0},"end":{"line":3,"column":40}},"2":{"start":{"line":6,"column":27},"end":{"line":19,"column":5}},"3":{"start":{"line":7,"column":8},"end":{"line":18,"column":9}},"4":{"start":{"line":8,"column":28},"end":{"line":11,"column":14}},"5":{"start":{"line":13,"column":12},"end":{"line":13,"column":56}},"6":{"start":{"line":17,"column":12},"end":{"line":17,"column":94}},"7":{"start":{"line":21,"column":26},"end":{"line":35,"column":5}},"8":{"start":{"line":22,"column":8},"end":{"line":34,"column":9}},"9":{"start":{"line":23,"column":27},"end":{"line":23,"column":56}},"10":{"start":{"line":25,"column":12},"end":{"line":25,"column":40}},"11":{"start":{"line":27,"column":12},"end":{"line":27,"column":32}},"12":{"start":{"line":29,"column":12},"end":{"line":29,"column":92}},"13":{"start":{"line":33,"column":12},"end":{"line":33,"column":94}},"14":{"start":{"line":37,"column":27},"end":{"line":49,"column":5}},"15":{"start":{"line":38,"column":8},"end":{"line":48,"column":9}},"16":{"start":{"line":39,"column":27},"end":{"line":41,"column":14}},"17":{"start":{"line":43,"column":12},"end":{"line":43,"column":55}},"18":{"start":{"line":47,"column":12},"end":{"line":47,"column":94}},"19":{"start":{"line":51,"column":26},"end":{"line":61,"column":5}},"20":{"start":{"line":52,"column":8},"end":{"line":60,"column":9}},"21":{"start":{"line":53,"column":12},"end":{"line":53,"column":46}},"22":{"start":{"line":55,"column":12},"end":{"line":55,"column":97}},"23":{"start":{"line":59,"column":12},"end":{"line":59,"column":94}},"24":{"start":{"line":63,"column":26},"end":{"line":73,"column":5}},"25":{"start":{"line":64,"column":8},"end":{"line":72,"column":9}},"26":{"start":{"line":65,"column":12},"end":{"line":65,"column":39}},"27":{"start":{"line":67,"column":12},"end":{"line":67,"column":95}},"28":{"start":{"line":71,"column":12},"end":{"line":71,"column":94}},"29":{"start":{"line":5,"column":0},"end":{"line":5,"column":13}}},"fnMap":{"0":{"name":"(anonymous_1)","decl":{"start":{"line":6,"column":27},"end":{"line":6,"column":32}},"loc":{"start":{"line":6,"column":65},"end":{"line":19,"column":5}}},"1":{"name":"(anonymous_2)","decl":{"start":{"line":21,"column":26},"end":{"line":21,"column":31}},"loc":{"start":{"line":21,"column":64},"end":{"line":35,"column":5}}},"2":{"name":"(anonymous_3)","decl":{"start":{"line":37,"column":27},"end":{"line":37,"column":32}},"loc":{"start":{"line":37,"column":65},"end":{"line":49,"column":5}}},"3":{"name":"(anonymous_4)","decl":{"start":{"line":51,"column":26},"end":{"line":51,"column":31}},"loc":{"start":{"line":51,"column":64},"end":{"line":61,"column":5}}},"4":{"name":"(anonymous_5)","decl":{"start":{"line":63,"column":26},"end":{"line":63,"column":31}},"loc":{"start":{"line":63,"column":64},"end":{"line":73,"column":5}}}},"branchMap":{},"s":{"0":2,"1":2,"2":2,"3":5,"4":5,"5":4,"6":1,"7":2,"8":3,"9":3,"10":2,"11":2,"12":2,"13":1,"14":2,"15":5,"16":5,"17":4,"18":1,"19":2,"20":3,"21":3,"22":2,"23":1,"24":2,"25":3,"26":3,"27":2,"28":1,"29":2},"f":{"0":5,"1":3,"2":5,"3":3,"4":3},"b":{}}
,"C:\\Users\\bauti\\OneDrive\\Documents\\Diego\\Full Stack Node.js React TS NestJS Next.js Creando Proyectos\\CashTrackr\\backend\\src\\controllers\\ExpenseController.ts": {"path":"C:\\Users\\bauti\\OneDrive\\Documents\\Diego\\Full Stack Node.js React TS NestJS Next.js Creando Proyectos\\CashTrackr\\backend\\src\\controllers\\ExpenseController.ts","statementMap":{"0":{"start":{"line":2,"column":0},"end":{"line":2,"column":40}},"1":{"start":{"line":5,"column":27},"end":{"line":19,"column":5}},"2":{"start":{"line":6,"column":8},"end":{"line":18,"column":9}},"3":{"start":{"line":7,"column":28},"end":{"line":7,"column":58}},"4":{"start":{"line":9,"column":12},"end":{"line":9,"column":45}},"5":{"start":{"line":11,"column":12},"end":{"line":11,"column":33}},"6":{"start":{"line":13,"column":12},"end":{"line":13,"column":86}},"7":{"start":{"line":17,"column":12},"end":{"line":17,"column":94}},"8":{"start":{"line":21,"column":28},"end":{"line":23,"column":5}},"9":{"start":{"line":22,"column":8},"end":{"line":22,"column":65}},"10":{"start":{"line":25,"column":27},"end":{"line":35,"column":5}},"11":{"start":{"line":26,"column":8},"end":{"line":34,"column":9}},"12":{"start":{"line":27,"column":12},"end":{"line":27,"column":47}},"13":{"start":{"line":29,"column":12},"end":{"line":29,"column":91}},"14":{"start":{"line":33,"column":12},"end":{"line":33,"column":94}},"15":{"start":{"line":37,"column":27},"end":{"line":47,"column":5}},"16":{"start":{"line":38,"column":8},"end":{"line":46,"column":9}},"17":{"start":{"line":39,"column":12},"end":{"line":39,"column":40}},"18":{"start":{"line":41,"column":12},"end":{"line":41,"column":89}},"19":{"start":{"line":45,"column":12},"end":{"line":45,"column":94}},"20":{"start":{"line":4,"column":0},"end":{"line":4,"column":13}}},"fnMap":{"0":{"name":"(anonymous_1)","decl":{"start":{"line":5,"column":27},"end":{"line":5,"column":32}},"loc":{"start":{"line":5,"column":65},"end":{"line":19,"column":5}}},"1":{"name":"(anonymous_2)","decl":{"start":{"line":21,"column":28},"end":{"line":21,"column":33}},"loc":{"start":{"line":21,"column":66},"end":{"line":23,"column":5}}},"2":{"name":"(anonymous_3)","decl":{"start":{"line":25,"column":27},"end":{"line":25,"column":32}},"loc":{"start":{"line":25,"column":65},"end":{"line":35,"column":5}}},"3":{"name":"(anonymous_4)","decl":{"start":{"line":37,"column":27},"end":{"line":37,"column":32}},"loc":{"start":{"line":37,"column":65},"end":{"line":47,"column":5}}}},"branchMap":{},"s":{"0":2,"1":2,"2":2,"3":2,"4":1,"5":1,"6":1,"7":1,"8":2,"9":1,"10":2,"11":2,"12":2,"13":1,"14":1,"15":2,"16":2,"17":2,"18":1,"19":1,"20":2},"f":{"0":2,"1":1,"2":2,"3":2},"b":{}}
,"C:\\Users\\bauti\\OneDrive\\Documents\\Diego\\Full Stack Node.js React TS NestJS Next.js Creando Proyectos\\CashTrackr\\backend\\src\\emails\\AuthEmail.ts": {"path":"C:\\Users\\bauti\\OneDrive\\Documents\\Diego\\Full Stack Node.js React TS NestJS Next.js Creando Proyectos\\CashTrackr\\backend\\src\\emails\\AuthEmail.ts","statementMap":{"0":{"start":{"line":1,"column":0},"end":{"line":1,"column":49}},"1":{"start":{"line":10,"column":35},"end":{"line":35,"column":5}},"2":{"start":{"line":11,"column":8},"end":{"line":34,"column":11}},"3":{"start":{"line":37,"column":36},"end":{"line":63,"column":5}},"4":{"start":{"line":38,"column":8},"end":{"line":61,"column":11}},"5":{"start":{"line":9,"column":0},"end":{"line":9,"column":13}}},"fnMap":{"0":{"name":"(anonymous_0)","decl":{"start":{"line":10,"column":35},"end":{"line":10,"column":40}},"loc":{"start":{"line":10,"column":56},"end":{"line":35,"column":5}}},"1":{"name":"(anonymous_1)","decl":{"start":{"line":37,"column":36},"end":{"line":37,"column":41}},"loc":{"start":{"line":37,"column":57},"end":{"line":63,"column":5}}}},"branchMap":{},"s":{"0":2,"1":2,"2":2,"3":2,"4":0,"5":2},"f":{"0":2,"1":0},"b":{}}
,"C:\\Users\\bauti\\OneDrive\\Documents\\Diego\\Full Stack Node.js React TS NestJS Next.js Creando Proyectos\\CashTrackr\\backend\\src\\middleware\\auth.ts": {"path":"C:\\Users\\bauti\\OneDrive\\Documents\\Diego\\Full Stack Node.js React TS NestJS Next.js Creando Proyectos\\CashTrackr\\backend\\src\\middleware\\auth.ts","statementMap":{"0":{"start":{"line":2,"column":0},"end":{"line":2,"column":31}},"1":{"start":{"line":3,"column":0},"end":{"line":3,"column":34}},"2":{"start":{"line":4,"column":0},"end":{"line":4,"column":45}},"3":{"start":{"line":14,"column":28},"end":{"line":46,"column":1}},"4":{"start":{"line":15,"column":4},"end":{"line":45,"column":5}},"5":{"start":{"line":16,"column":23},"end":{"line":16,"column":48}},"6":{"start":{"line":18,"column":8},"end":{"line":18,"column":72}},"7":{"start":{"line":18,"column":20},"end":{"line":18,"column":72}},"8":{"start":{"line":20,"column":28},"end":{"line":20,"column":45}},"9":{"start":{"line":22,"column":8},"end":{"line":22,"column":71}},"10":{"start":{"line":22,"column":19},"end":{"line":22,"column":71}},"11":{"start":{"line":24,"column":8},"end":{"line":40,"column":11}},"12":{"start":{"line":25,"column":12},"end":{"line":29,"column":13}},"13":{"start":{"line":26,"column":16},"end":{"line":26,"column":105}},"14":{"start":{"line":26,"column":52},"end":{"line":26,"column":105}},"15":{"start":{"line":28,"column":16},"end":{"line":28,"column":70}},"16":{"start":{"line":31,"column":12},"end":{"line":39,"column":66}},"17":{"start":{"line":32,"column":29},"end":{"line":32,"column":103}},"18":{"start":{"line":34,"column":16},"end":{"line":34,"column":78}},"19":{"start":{"line":34,"column":26},"end":{"line":34,"column":78}},"20":{"start":{"line":36,"column":16},"end":{"line":36,"column":32}},"21":{"start":{"line":38,"column":16},"end":{"line":38,"column":23}},"22":{"start":{"line":39,"column":19},"end":{"line":39,"column":66}},"23":{"start":{"line":42,"column":8},"end":{"line":42,"column":71}},"24":{"start":{"line":44,"column":8},"end":{"line":44,"column":90}},"25":{"start":{"line":14,"column":13},"end":{"line":14,"column":28}}},"fnMap":{"0":{"name":"(anonymous_1)","decl":{"start":{"line":14,"column":28},"end":{"line":14,"column":29}},"loc":{"start":{"line":14,"column":80},"end":{"line":46,"column":1}}},"1":{"name":"(anonymous_2)","decl":{"start":{"line":24,"column":50},"end":{"line":24,"column":55}},"loc":{"start":{"line":24,"column":73},"end":{"line":40,"column":9}}}},"branchMap":{"0":{"loc":{"start":{"line":18,"column":8},"end":{"line":18,"column":72}},"type":"if","locations":[{"start":{"line":18,"column":8},"end":{"line":18,"column":72}}]},"1":{"loc":{"start":{"line":22,"column":8},"end":{"line":22,"column":71}},"type":"if","locations":[{"start":{"line":22,"column":8},"end":{"line":22,"column":71}}]},"2":{"loc":{"start":{"line":25,"column":12},"end":{"line":29,"column":13}},"type":"if","locations":[{"start":{"line":25,"column":12},"end":{"line":29,"column":13}}]},"3":{"loc":{"start":{"line":26,"column":16},"end":{"line":26,"column":105}},"type":"if","locations":[{"start":{"line":26,"column":16},"end":{"line":26,"column":105}}]},"4":{"loc":{"start":{"line":31,"column":12},"end":{"line":39,"column":66}},"type":"if","locations":[{"start":{"line":31,"column":12},"end":{"line":39,"column":66}},{"start":{"line":39,"column":19},"end":{"line":39,"column":66}}]},"5":{"loc":{"start":{"line":31,"column":15},"end":{"line":31,"column":56}},"type":"binary-expr","locations":[{"start":{"line":31,"column":15},"end":{"line":31,"column":42}},{"start":{"line":31,"column":46},"end":{"line":31,"column":56}}]},"6":{"loc":{"start":{"line":34,"column":16},"end":{"line":34,"column":78}},"type":"if","locations":[{"start":{"line":34,"column":16},"end":{"line":34,"column":78}}]}},"s":{"0":1,"1":1,"2":1,"3":1,"4":18,"5":18,"6":18,"7":5,"8":13,"9":13,"10":0,"11":13,"12":13,"13":1,"14":0,"15":1,"16":12,"17":12,"18":12,"19":0,"20":12,"21":12,"22":0,"23":0,"24":0,"25":1},"f":{"0":18,"1":13},"b":{"0":[5],"1":[0],"2":[1],"3":[0],"4":[12,0],"5":[12,12],"6":[0]}}
,"C:\\Users\\bauti\\OneDrive\\Documents\\Diego\\Full Stack Node.js React TS NestJS Next.js Creando Proyectos\\CashTrackr\\backend\\src\\middleware\\budget.ts": {"path":"C:\\Users\\bauti\\OneDrive\\Documents\\Diego\\Full Stack Node.js React TS NestJS Next.js Creando Proyectos\\CashTrackr\\backend\\src\\middleware\\budget.ts","statementMap":{"0":{"start":{"line":2,"column":0},"end":{"line":2,"column":66}},"1":{"start":{"line":3,"column":0},"end":{"line":3,"column":38}},"2":{"start":{"line":13,"column":41},"end":{"line":24,"column":1}},"3":{"start":{"line":14,"column":4},"end":{"line":14,"column":null}},"4":{"start":{"line":16,"column":17},"end":{"line":16,"column":38}},"5":{"start":{"line":18,"column":4},"end":{"line":21,"column":5}},"6":{"start":{"line":19,"column":8},"end":{"line":19,"column":57}},"7":{"start":{"line":20,"column":8},"end":{"line":20,"column":14}},"8":{"start":{"line":23,"column":4},"end":{"line":23,"column":11}},"9":{"start":{"line":13,"column":13},"end":{"line":13,"column":41}},"10":{"start":{"line":26,"column":40},"end":{"line":42,"column":1}},"11":{"start":{"line":27,"column":4},"end":{"line":27,"column":102}},"12":{"start":{"line":29,"column":4},"end":{"line":32,"column":107}},"13":{"start":{"line":32,"column":25},"end":{"line":32,"column":34}},"14":{"start":{"line":34,"column":17},"end":{"line":34,"column":38}},"15":{"start":{"line":36,"column":4},"end":{"line":39,"column":5}},"16":{"start":{"line":37,"column":8},"end":{"line":37,"column":57}},"17":{"start":{"line":38,"column":8},"end":{"line":38,"column":14}},"18":{"start":{"line":41,"column":4},"end":{"line":41,"column":11}},"19":{"start":{"line":26,"column":13},"end":{"line":26,"column":40}},"20":{"start":{"line":44,"column":36},"end":{"line":66,"column":1}},"21":{"start":{"line":45,"column":4},"end":{"line":65,"column":5}},"22":{"start":{"line":46,"column":29},"end":{"line":46,"column":39}},"23":{"start":{"line":48,"column":23},"end":{"line":48,"column":54}},"24":{"start":{"line":50,"column":8},"end":{"line":56,"column":9}},"25":{"start":{"line":51,"column":26},"end":{"line":51,"column":64}},"26":{"start":{"line":53,"column":12},"end":{"line":53,"column":72}},"27":{"start":{"line":55,"column":12},"end":{"line":55,"column":19}},"28":{"start":{"line":58,"column":8},"end":{"line":58,"column":28}},"29":{"start":{"line":60,"column":8},"end":{"line":60,"column":15}},"30":{"start":{"line":64,"column":8},"end":{"line":64,"column":90}},"31":{"start":{"line":44,"column":13},"end":{"line":44,"column":36}}},"fnMap":{"0":{"name":"(anonymous_1)","decl":{"start":{"line":13,"column":41},"end":{"line":13,"column":46}},"loc":{"start":{"line":13,"column":99},"end":{"line":24,"column":1}}},"1":{"name":"(anonymous_2)","decl":{"start":{"line":26,"column":40},"end":{"line":26,"column":45}},"loc":{"start":{"line":26,"column":98},"end":{"line":42,"column":1}}},"2":{"name":"(anonymous_3)","decl":{"start":{"line":32,"column":16},"end":{"line":32,"column":21}},"loc":{"start":{"line":32,"column":25},"end":{"line":32,"column":34}}},"3":{"name":"(anonymous_4)","decl":{"start":{"line":44,"column":36},"end":{"line":44,"column":41}},"loc":{"start":{"line":44,"column":94},"end":{"line":66,"column":1}}}},"branchMap":{"0":{"loc":{"start":{"line":18,"column":4},"end":{"line":21,"column":5}},"type":"if","locations":[{"start":{"line":18,"column":4},"end":{"line":21,"column":5}}]},"1":{"loc":{"start":{"line":36,"column":4},"end":{"line":39,"column":5}},"type":"if","locations":[{"start":{"line":36,"column":4},"end":{"line":39,"column":5}}]},"2":{"loc":{"start":{"line":50,"column":8},"end":{"line":56,"column":9}},"type":"if","locations":[{"start":{"line":50,"column":8},"end":{"line":56,"column":9}}]},"3":{"loc":{"start":{"line":50,"column":11},"end":{"line":50,"column":51}},"type":"binary-expr","locations":[{"start":{"line":50,"column":11},"end":{"line":50,"column":18}},{"start":{"line":50,"column":22},"end":{"line":50,"column":51}}]}},"s":{"0":2,"1":2,"2":2,"3":7,"4":7,"5":7,"6":1,"7":1,"8":6,"9":2,"10":2,"11":6,"12":6,"13":6,"14":6,"15":6,"16":4,"17":4,"18":2,"19":2,"20":2,"21":9,"22":9,"23":9,"24":8,"25":3,"26":3,"27":3,"28":5,"29":5,"30":1,"31":2},"f":{"0":7,"1":6,"2":6,"3":9},"b":{"0":[1],"1":[4],"2":[3],"3":[8,5]}}
,"C:\\Users\\bauti\\OneDrive\\Documents\\Diego\\Full Stack Node.js React TS NestJS Next.js Creando Proyectos\\CashTrackr\\backend\\src\\middleware\\expense.ts": {"path":"C:\\Users\\bauti\\OneDrive\\Documents\\Diego\\Full Stack Node.js React TS NestJS Next.js Creando Proyectos\\CashTrackr\\backend\\src\\middleware\\expense.ts","statementMap":{"0":{"start":{"line":2,"column":0},"end":{"line":2,"column":66}},"1":{"start":{"line":3,"column":0},"end":{"line":3,"column":40}},"2":{"start":{"line":13,"column":42},"end":{"line":24,"column":1}},"3":{"start":{"line":14,"column":4},"end":{"line":14,"column":null}},"4":{"start":{"line":16,"column":17},"end":{"line":16,"column":38}},"5":{"start":{"line":18,"column":4},"end":{"line":21,"column":5}},"6":{"start":{"line":19,"column":8},"end":{"line":19,"column":57}},"7":{"start":{"line":20,"column":8},"end":{"line":20,"column":14}},"8":{"start":{"line":23,"column":4},"end":{"line":23,"column":11}},"9":{"start":{"line":13,"column":13},"end":{"line":13,"column":42}},"10":{"start":{"line":26,"column":41},"end":{"line":42,"column":1}},"11":{"start":{"line":27,"column":4},"end":{"line":27,"column":96}},"12":{"start":{"line":29,"column":4},"end":{"line":32,"column":107}},"13":{"start":{"line":32,"column":25},"end":{"line":32,"column":34}},"14":{"start":{"line":34,"column":17},"end":{"line":34,"column":38}},"15":{"start":{"line":36,"column":4},"end":{"line":39,"column":5}},"16":{"start":{"line":37,"column":8},"end":{"line":37,"column":57}},"17":{"start":{"line":38,"column":8},"end":{"line":38,"column":14}},"18":{"start":{"line":41,"column":4},"end":{"line":41,"column":11}},"19":{"start":{"line":26,"column":13},"end":{"line":26,"column":41}},"20":{"start":{"line":44,"column":37},"end":{"line":66,"column":1}},"21":{"start":{"line":45,"column":4},"end":{"line":65,"column":5}},"22":{"start":{"line":46,"column":30},"end":{"line":46,"column":40}},"23":{"start":{"line":48,"column":24},"end":{"line":48,"column":57}},"24":{"start":{"line":50,"column":8},"end":{"line":56,"column":9}},"25":{"start":{"line":51,"column":26},"end":{"line":51,"column":58}},"26":{"start":{"line":53,"column":12},"end":{"line":53,"column":72}},"27":{"start":{"line":55,"column":12},"end":{"line":55,"column":19}},"28":{"start":{"line":58,"column":8},"end":{"line":58,"column":30}},"29":{"start":{"line":60,"column":8},"end":{"line":60,"column":15}},"30":{"start":{"line":64,"column":8},"end":{"line":64,"column":null}},"31":{"start":{"line":44,"column":13},"end":{"line":44,"column":37}}},"fnMap":{"0":{"name":"(anonymous_1)","decl":{"start":{"line":13,"column":42},"end":{"line":13,"column":47}},"loc":{"start":{"line":13,"column":100},"end":{"line":24,"column":1}}},"1":{"name":"(anonymous_2)","decl":{"start":{"line":26,"column":41},"end":{"line":26,"column":46}},"loc":{"start":{"line":26,"column":99},"end":{"line":42,"column":1}}},"2":{"name":"(anonymous_3)","decl":{"start":{"line":32,"column":16},"end":{"line":32,"column":21}},"loc":{"start":{"line":32,"column":25},"end":{"line":32,"column":34}}},"3":{"name":"(anonymous_4)","decl":{"start":{"line":44,"column":37},"end":{"line":44,"column":42}},"loc":{"start":{"line":44,"column":95},"end":{"line":66,"column":1}}}},"branchMap":{"0":{"loc":{"start":{"line":18,"column":4},"end":{"line":21,"column":5}},"type":"if","locations":[{"start":{"line":18,"column":4},"end":{"line":21,"column":5}}]},"1":{"loc":{"start":{"line":36,"column":4},"end":{"line":39,"column":5}},"type":"if","locations":[{"start":{"line":36,"column":4},"end":{"line":39,"column":5}}]},"2":{"loc":{"start":{"line":50,"column":8},"end":{"line":56,"column":9}},"type":"if","locations":[{"start":{"line":50,"column":8},"end":{"line":56,"column":9}}]},"3":{"loc":{"start":{"line":50,"column":11},"end":{"line":50,"column":57}},"type":"binary-expr","locations":[{"start":{"line":50,"column":11},"end":{"line":50,"column":19}},{"start":{"line":50,"column":23},"end":{"line":50,"column":57}}]}},"s":{"0":2,"1":2,"2":2,"3":0,"4":0,"5":0,"6":0,"7":0,"8":0,"9":2,"10":2,"11":0,"12":0,"13":0,"14":0,"15":0,"16":0,"17":0,"18":0,"19":2,"20":2,"21":3,"22":3,"23":3,"24":2,"25":1,"26":1,"27":1,"28":1,"29":1,"30":1,"31":2},"f":{"0":0,"1":0,"2":0,"3":3},"b":{"0":[0],"1":[0],"2":[1],"3":[2,1]}}
,"C:\\Users\\bauti\\OneDrive\\Documents\\Diego\\Full Stack Node.js React TS NestJS Next.js Creando Proyectos\\CashTrackr\\backend\\src\\middleware\\validation.ts": {"path":"C:\\Users\\bauti\\OneDrive\\Documents\\Diego\\Full Stack Node.js React TS NestJS Next.js Creando Proyectos\\CashTrackr\\backend\\src\\middleware\\validation.ts","statementMap":{"0":{"start":{"line":2,"column":0},"end":{"line":2,"column":53}},"1":{"start":{"line":4,"column":33},"end":{"line":13,"column":1}},"2":{"start":{"line":5,"column":17},"end":{"line":5,"column":38}},"3":{"start":{"line":7,"column":4},"end":{"line":10,"column":5}},"4":{"start":{"line":8,"column":8},"end":{"line":8,"column":57}},"5":{"start":{"line":9,"column":8},"end":{"line":9,"column":14}},"6":{"start":{"line":12,"column":4},"end":{"line":12,"column":11}},"7":{"start":{"line":4,"column":13},"end":{"line":4,"column":33}}},"fnMap":{"0":{"name":"(anonymous_0)","decl":{"start":{"line":4,"column":33},"end":{"line":4,"column":34}},"loc":{"start":{"line":4,"column":85},"end":{"line":13,"column":1}}}},"branchMap":{"0":{"loc":{"start":{"line":7,"column":4},"end":{"line":10,"column":5}},"type":"if","locations":[{"start":{"line":7,"column":4},"end":{"line":10,"column":5}}]}},"s":{"0":1,"1":1,"2":21,"3":21,"4":7,"5":7,"6":14,"7":1},"f":{"0":21},"b":{"0":[7]}}
,"C:\\Users\\bauti\\OneDrive\\Documents\\Diego\\Full Stack Node.js React TS NestJS Next.js Creando Proyectos\\CashTrackr\\backend\\src\\models\\Budget.ts": {"path":"C:\\Users\\bauti\\OneDrive\\Documents\\Diego\\Full Stack Node.js React TS NestJS Next.js Creando Proyectos\\CashTrackr\\backend\\src\\models\\Budget.ts","statementMap":{"0":{"start":{"line":1,"column":0},"end":{"line":1,"column":113}},"1":{"start":{"line":2,"column":0},"end":{"line":2,"column":32}},"2":{"start":{"line":3,"column":0},"end":{"line":3,"column":26}},"3":{"start":{"line":8,"column":0},"end":{"line":32,"column":null}},"4":{"start":{"line":13,"column":12},"end":{"line":13,"column":null}},"5":{"start":{"line":19,"column":12},"end":{"line":19,"column":null}},"6":{"start":{"line":22,"column":12},"end":{"line":22,"column":null}},"7":{"start":{"line":21,"column":22},"end":{"line":21,"column":26}},"8":{"start":{"line":25,"column":12},"end":{"line":25,"column":null}},"9":{"start":{"line":24,"column":21},"end":{"line":24,"column":25}},"10":{"start":{"line":31,"column":12},"end":{"line":31,"column":null}},"11":{"start":{"line":27,"column":19},"end":{"line":27,"column":26}},"12":{"start":{"line":8,"column":6},"end":{"line":32,"column":null}},"13":{"start":{"line":34,"column":0},"end":{"line":34,"column":22}}},"fnMap":{"0":{"name":"(anonymous_3)","decl":{"start":{"line":21,"column":16},"end":{"line":21,"column":19}},"loc":{"start":{"line":21,"column":22},"end":{"line":21,"column":26}}},"1":{"name":"(anonymous_4)","decl":{"start":{"line":24,"column":15},"end":{"line":24,"column":18}},"loc":{"start":{"line":24,"column":21},"end":{"line":24,"column":25}}},"2":{"name":"(anonymous_5)","decl":{"start":{"line":27,"column":13},"end":{"line":27,"column":16}},"loc":{"start":{"line":27,"column":19},"end":{"line":27,"column":26}}}},"branchMap":{"0":{"loc":{"start":{"line":25,"column":18},"end":{"line":25,"column":null}},"type":"cond-expr","locations":[{"start":{"line":25,"column":22},"end":{"line":25,"column":null}},{"start":{"line":25,"column":22},"end":{"line":25,"column":null}}]},"1":{"loc":{"start":{"line":25,"column":18},"end":{"line":25,"column":22}},"type":"binary-expr","locations":[{"start":{"line":25,"column":18},"end":{"line":25,"column":null}},{"start":{"line":25,"column":18},"end":{"line":25,"column":22}}]}},"s":{"0":2,"1":2,"2":2,"3":2,"4":2,"5":2,"6":2,"7":2,"8":2,"9":3,"10":2,"11":3,"12":2,"13":2},"f":{"0":2,"1":3,"2":3},"b":{"0":[1,1],"1":[2,2]}}
,"C:\\Users\\bauti\\OneDrive\\Documents\\Diego\\Full Stack Node.js React TS NestJS Next.js Creando Proyectos\\CashTrackr\\backend\\src\\models\\Expense.ts": {"path":"C:\\Users\\bauti\\OneDrive\\Documents\\Diego\\Full Stack Node.js React TS NestJS Next.js Creando Proyectos\\CashTrackr\\backend\\src\\models\\Expense.ts","statementMap":{"0":{"start":{"line":1,"column":0},"end":{"line":1,"column":103}},"1":{"start":{"line":2,"column":0},"end":{"line":2,"column":30}},"2":{"start":{"line":7,"column":0},"end":{"line":25,"column":null}},"3":{"start":{"line":12,"column":12},"end":{"line":12,"column":null}},"4":{"start":{"line":18,"column":12},"end":{"line":18,"column":null}},"5":{"start":{"line":21,"column":12},"end":{"line":21,"column":null}},"6":{"start":{"line":20,"column":22},"end":{"line":20,"column":28}},"7":{"start":{"line":24,"column":12},"end":{"line":24,"column":null}},"8":{"start":{"line":23,"column":21},"end":{"line":23,"column":27}},"9":{"start":{"line":7,"column":6},"end":{"line":25,"column":null}},"10":{"start":{"line":27,"column":0},"end":{"line":27,"column":23}}},"fnMap":{"0":{"name":"(anonymous_3)","decl":{"start":{"line":20,"column":16},"end":{"line":20,"column":19}},"loc":{"start":{"line":20,"column":22},"end":{"line":20,"column":28}}},"1":{"name":"(anonymous_4)","decl":{"start":{"line":23,"column":15},"end":{"line":23,"column":18}},"loc":{"start":{"line":23,"column":21},"end":{"line":23,"column":27}}}},"branchMap":{"0":{"loc":{"start":{"line":24,"column":20},"end":{"line":24,"column":null}},"type":"cond-expr","locations":[{"start":{"line":24,"column":26},"end":{"line":24,"column":null}},{"start":{"line":24,"column":26},"end":{"line":24,"column":null}}]},"1":{"loc":{"start":{"line":24,"column":20},"end":{"line":24,"column":26}},"type":"binary-expr","locations":[{"start":{"line":24,"column":20},"end":{"line":24,"column":null}},{"start":{"line":24,"column":20},"end":{"line":24,"column":26}}]}},"s":{"0":3,"1":3,"2":3,"3":3,"4":3,"5":3,"6":2,"7":3,"8":2,"9":3,"10":3},"f":{"0":2,"1":2},"b":{"0":[0,3],"1":[3,1]}}
,"C:\\Users\\bauti\\OneDrive\\Documents\\Diego\\Full Stack Node.js React TS NestJS Next.js Creando Proyectos\\CashTrackr\\backend\\src\\models\\User.ts": {"path":"C:\\Users\\bauti\\OneDrive\\Documents\\Diego\\Full Stack Node.js React TS NestJS Next.js Creando Proyectos\\CashTrackr\\backend\\src\\models\\User.ts","statementMap":{"0":{"start":{"line":1,"column":0},"end":{"line":1,"column":107}},"1":{"start":{"line":2,"column":0},"end":{"line":2,"column":30}},"2":{"start":{"line":7,"column":0},"end":{"line":44,"column":null}},"3":{"start":{"line":12,"column":12},"end":{"line":12,"column":null}},"4":{"start":{"line":19,"column":12},"end":{"line":19,"column":null}},"5":{"start":{"line":25,"column":12},"end":{"line":25,"column":null}},"6":{"start":{"line":30,"column":12},"end":{"line":30,"column":null}},"7":{"start":{"line":37,"column":12},"end":{"line":37,"column":null}},"8":{"start":{"line":43,"column":12},"end":{"line":43,"column":null}},"9":{"start":{"line":39,"column":19},"end":{"line":39,"column":25}},"10":{"start":{"line":7,"column":6},"end":{"line":44,"column":null}},"11":{"start":{"line":46,"column":0},"end":{"line":46,"column":20}}},"fnMap":{"0":{"name":"(anonymous_3)","decl":{"start":{"line":39,"column":13},"end":{"line":39,"column":16}},"loc":{"start":{"line":39,"column":19},"end":{"line":39,"column":25}}}},"branchMap":{},"s":{"0":2,"1":2,"2":2,"3":2,"4":2,"5":2,"6":2,"7":2,"8":2,"9":2,"10":2,"11":2},"f":{"0":2},"b":{}}
,"C:\\Users\\bauti\\OneDrive\\Documents\\Diego\\Full Stack Node.js React TS NestJS Next.js Creando Proyectos\\CashTrackr\\backend\\src\\routes\\authRouter.ts": {"path":"C:\\Users\\bauti\\OneDrive\\Documents\\Diego\\Full Stack Node.js React TS NestJS Next.js Creando Proyectos\\CashTrackr\\backend\\src\\routes\\authRouter.ts","statementMap":{"0":{"start":{"line":1,"column":0},"end":{"line":1,"column":33}},"1":{"start":{"line":2,"column":0},"end":{"line":2,"column":63}},"2":{"start":{"line":3,"column":0},"end":{"line":3,"column":48}},"3":{"start":{"line":4,"column":0},"end":{"line":4,"column":61}},"4":{"start":{"line":5,"column":0},"end":{"line":5,"column":44}},"5":{"start":{"line":6,"column":0},"end":{"line":6,"column":50}},"6":{"start":{"line":8,"column":15},"end":{"line":8,"column":23}},"7":{"start":{"line":10,"column":0},"end":{"line":20,"column":2}},"8":{"start":{"line":22,"column":0},"end":{"line":29,"column":2}},"9":{"start":{"line":31,"column":0},"end":{"line":39,"column":2}},"10":{"start":{"line":41,"column":0},"end":{"line":48,"column":2}},"11":{"start":{"line":50,"column":0},"end":{"line":57,"column":2}},"12":{"start":{"line":59,"column":0},"end":{"line":70,"column":2}},"13":{"start":{"line":72,"column":0},"end":{"line":75,"column":2}},"14":{"start":{"line":77,"column":0},"end":{"line":85,"column":2}},"15":{"start":{"line":87,"column":0},"end":{"line":92,"column":null}},"16":{"start":{"line":94,"column":0},"end":{"line":94,"column":22}}},"fnMap":{},"branchMap":{},"s":{"0":1,"1":1,"2":1,"3":1,"4":1,"5":1,"6":1,"7":1,"8":1,"9":1,"10":1,"11":1,"12":1,"13":1,"14":1,"15":1,"16":1},"f":{},"b":{}}
,"C:\\Users\\bauti\\OneDrive\\Documents\\Diego\\Full Stack Node.js React TS NestJS Next.js Creando Proyectos\\CashTrackr\\backend\\src\\routes\\budgetRouter.ts": {"path":"C:\\Users\\bauti\\OneDrive\\Documents\\Diego\\Full Stack Node.js React TS NestJS Next.js Creando Proyectos\\CashTrackr\\backend\\src\\routes\\budgetRouter.ts","statementMap":{"0":{"start":{"line":1,"column":0},"end":{"line":1,"column":33}},"1":{"start":{"line":2,"column":0},"end":{"line":2,"column":67}},"2":{"start":{"line":3,"column":0},"end":{"line":3,"column":69}},"3":{"start":{"line":4,"column":0},"end":{"line":4,"column":113}},"4":{"start":{"line":5,"column":0},"end":{"line":5,"column":117}},"5":{"start":{"line":6,"column":0},"end":{"line":6,"column":50}},"6":{"start":{"line":8,"column":15},"end":{"line":8,"column":23}},"7":{"start":{"line":11,"column":0},"end":{"line":11,"column":25}},"8":{"start":{"line":13,"column":0},"end":{"line":13,"column":52}},"9":{"start":{"line":14,"column":0},"end":{"line":14,"column":47}},"10":{"start":{"line":16,"column":0},"end":{"line":16,"column":54}},"11":{"start":{"line":17,"column":0},"end":{"line":17,"column":49}},"12":{"start":{"line":19,"column":0},"end":{"line":19,"column":48}},"13":{"start":{"line":21,"column":0},"end":{"line":24,"column":2}},"14":{"start":{"line":26,"column":0},"end":{"line":26,"column":57}},"15":{"start":{"line":28,"column":0},"end":{"line":31,"column":2}},"16":{"start":{"line":33,"column":0},"end":{"line":33,"column":59}},"17":{"start":{"line":37,"column":0},"end":{"line":40,"column":2}},"18":{"start":{"line":42,"column":0},"end":{"line":42,"column":79}},"19":{"start":{"line":44,"column":0},"end":{"line":47,"column":2}},"20":{"start":{"line":49,"column":0},"end":{"line":49,"column":81}},"21":{"start":{"line":51,"column":0},"end":{"line":51,"column":22}}},"fnMap":{},"branchMap":{},"s":{"0":1,"1":1,"2":1,"3":1,"4":1,"5":1,"6":1,"7":1,"8":1,"9":1,"10":1,"11":1,"12":1,"13":1,"14":1,"15":1,"16":1,"17":1,"18":1,"19":1,"20":1,"21":1},"f":{},"b":{}}
,"C:\\Users\\bauti\\OneDrive\\Documents\\Diego\\Full Stack Node.js React TS NestJS Next.js Creando Proyectos\\CashTrackr\\backend\\src\\tests\\mocks\\budgets.ts": {"path":"C:\\Users\\bauti\\OneDrive\\Documents\\Diego\\Full Stack Node.js React TS NestJS Next.js Creando Proyectos\\CashTrackr\\backend\\src\\tests\\mocks\\budgets.ts","statementMap":{"0":{"start":{"line":1,"column":13},"end":{"line":71,"column":2}}},"fnMap":{},"branchMap":{},"s":{"0":2},"f":{},"b":{}}
,"C:\\Users\\bauti\\OneDrive\\Documents\\Diego\\Full Stack Node.js React TS NestJS Next.js Creando Proyectos\\CashTrackr\\backend\\src\\tests\\mocks\\expenses.ts": {"path":"C:\\Users\\bauti\\OneDrive\\Documents\\Diego\\Full Stack Node.js React TS NestJS Next.js Creando Proyectos\\CashTrackr\\backend\\src\\tests\\mocks\\expenses.ts","statementMap":{"0":{"start":{"line":1,"column":13},"end":{"line":26,"column":null}}},"fnMap":{},"branchMap":{},"s":{"0":2},"f":{},"b":{}}
,"C:\\Users\\bauti\\OneDrive\\Documents\\Diego\\Full Stack Node.js React TS NestJS Next.js Creando Proyectos\\CashTrackr\\backend\\src\\utils\\auth.ts": {"path":"C:\\Users\\bauti\\OneDrive\\Documents\\Diego\\Full Stack Node.js React TS NestJS Next.js Creando Proyectos\\CashTrackr\\backend\\src\\utils\\auth.ts","statementMap":{"0":{"start":{"line":1,"column":0},"end":{"line":1,"column":29}},"1":{"start":{"line":4,"column":28},"end":{"line":8,"column":1}},"2":{"start":{"line":5,"column":17},"end":{"line":5,"column":42}},"3":{"start":{"line":7,"column":4},"end":{"line":7,"column":46}},"4":{"start":{"line":4,"column":13},"end":{"line":4,"column":28}},"5":{"start":{"line":10,"column":30},"end":{"line":10,"column":163}},"6":{"start":{"line":10,"column":109},"end":{"line":10,"column":163}},"7":{"start":{"line":10,"column":13},"end":{"line":10,"column":30}}},"fnMap":{"0":{"name":"(anonymous_1)","decl":{"start":{"line":4,"column":28},"end":{"line":4,"column":33}},"loc":{"start":{"line":4,"column":65},"end":{"line":8,"column":1}}},"1":{"name":"(anonymous_2)","decl":{"start":{"line":10,"column":30},"end":{"line":10,"column":35}},"loc":{"start":{"line":10,"column":109},"end":{"line":10,"column":163}}}},"branchMap":{},"s":{"0":2,"1":2,"2":2,"3":2,"4":2,"5":2,"6":5,"7":2},"f":{"0":2,"1":5},"b":{}}
,"C:\\Users\\bauti\\OneDrive\\Documents\\Diego\\Full Stack Node.js React TS NestJS Next.js Creando Proyectos\\CashTrackr\\backend\\src\\utils\\index.ts": {"path":"C:\\Users\\bauti\\OneDrive\\Documents\\Diego\\Full Stack Node.js React TS NestJS Next.js Creando Proyectos\\CashTrackr\\backend\\src\\utils\\index.ts","statementMap":{"0":{"start":{"line":3,"column":33},"end":{"line":11,"column":1}},"1":{"start":{"line":8,"column":18},"end":{"line":8,"column":36}},"2":{"start":{"line":10,"column":4},"end":{"line":10,"column":67}},"3":{"start":{"line":3,"column":13},"end":{"line":3,"column":33}}},"fnMap":{"0":{"name":"(anonymous_0)","decl":{"start":{"line":3,"column":33},"end":{"line":3,"column":null}},"loc":{"start":{"line":7,"column":4},"end":{"line":11,"column":1}}}},"branchMap":{},"s":{"0":2,"1":6,"2":6,"3":2},"f":{"0":6},"b":{}}
,"C:\\Users\\bauti\\OneDrive\\Documents\\Diego\\Full Stack Node.js React TS NestJS Next.js Creando Proyectos\\CashTrackr\\backend\\src\\utils\\jwt.ts": {"path":"C:\\Users\\bauti\\OneDrive\\Documents\\Diego\\Full Stack Node.js React TS NestJS Next.js Creando Proyectos\\CashTrackr\\backend\\src\\utils\\jwt.ts","statementMap":{"0":{"start":{"line":1,"column":0},"end":{"line":1,"column":31}},"1":{"start":{"line":4,"column":27},"end":{"line":4,"column":119}},"2":{"start":{"line":4,"column":56},"end":{"line":4,"column":119}},"3":{"start":{"line":4,"column":13},"end":{"line":4,"column":27}}},"fnMap":{"0":{"name":"(anonymous_1)","decl":{"start":{"line":4,"column":27},"end":{"line":4,"column":28}},"loc":{"start":{"line":4,"column":56},"end":{"line":4,"column":119}}}},"branchMap":{},"s":{"0":2,"1":2,"2":5,"3":2},"f":{"0":5},"b":{}}
,"C:\\Users\\bauti\\OneDrive\\Documents\\Diego\\Full Stack Node.js React TS NestJS Next.js Creando Proyectos\\CashTrackr\\backend\\src\\utils\\token.ts": {"path":"C:\\Users\\bauti\\OneDrive\\Documents\\Diego\\Full Stack Node.js React TS NestJS Next.js Creando Proyectos\\CashTrackr\\backend\\src\\utils\\token.ts","statementMap":{"0":{"start":{"line":1,"column":29},"end":{"line":1,"column":89}},"1":{"start":{"line":1,"column":35},"end":{"line":1,"column":89}},"2":{"start":{"line":1,"column":13},"end":{"line":1,"column":29}}},"fnMap":{"0":{"name":"(anonymous_0)","decl":{"start":{"line":1,"column":29},"end":{"line":1,"column":32}},"loc":{"start":{"line":1,"column":35},"end":{"line":1,"column":89}}}},"branchMap":{},"s":{"0":2,"1":2,"2":2},"f":{"0":2},"b":{}}
}
