TN:
SF:src\server.ts
FNF:0
FNH:0
DA:1,1
DA:2,1
DA:3,1
DA:4,1
DA:6,1
DA:8,1
DA:10,1
DA:12,1
DA:13,1
DA:15,1
LF:10
LH:10
BRF:0
BRH:0
end_of_record
TN:
SF:src\config\db.ts
FN:12,(anonymous_1)
FNF:1
FNH:0
FNDA:0,(anonymous_1)
DA:1,1
DA:2,1
DA:4,1
DA:6,1
DA:12,1
DA:13,0
DA:14,0
DA:16,0
DA:18,0
DA:20,0
DA:24,1
LF:11
LH:6
BRF:0
BRH:0
end_of_record
TN:
SF:src\config\limiter.ts
FNF:0
FNH:0
DA:1,1
DA:3,1
LF:2
LH:2
BRDA:5,0,0,0
BRDA:5,0,1,1
BRF:2
BRH:1
end_of_record
TN:
SF:src\config\nodemailer.ts
FN:3,(anonymous_1)
FNF:1
FNH:1
FNDA:2,(anonymous_1)
DA:1,2
DA:3,2
DA:4,2
DA:14,2
LF:4
LH:4
BRF:0
BRH:0
end_of_record
TN:
SF:src\controllers\AuthController.ts
FN:10,(anonymous_1)
FN:48,(anonymous_2)
FN:75,(anonymous_3)
FN:115,(anonymous_4)
FN:155,(anonymous_5)
FN:177,(anonymous_6)
FN:205,(anonymous_7)
FN:209,(anonymous_8)
FN:233,(anonymous_9)
FNF:9
FNH:3
FNDA:5,(anonymous_1)
FNDA:2,(anonymous_2)
FNDA:13,(anonymous_3)
FNDA:0,(anonymous_4)
FNDA:0,(anonymous_5)
FNDA:0,(anonymous_6)
FNDA:0,(anonymous_7)
FNDA:0,(anonymous_8)
FNDA:0,(anonymous_9)
DA:2,2
DA:3,2
DA:4,2
DA:5,2
DA:6,2
DA:7,2
DA:9,2
DA:10,2
DA:11,5
DA:12,5
DA:14,5
DA:15,2
DA:17,2
DA:19,2
DA:22,3
DA:24,3
DA:26,3
DA:28,3
DA:30,3
DA:32,3
DA:38,3
DA:40,3
DA:42,0
DA:44,0
DA:48,2
DA:49,2
DA:50,2
DA:52,2
DA:54,2
DA:55,1
DA:57,1
DA:59,1
DA:62,1
DA:63,1
DA:65,1
DA:67,1
DA:69,0
DA:71,0
DA:75,2
DA:76,13
DA:77,13
DA:79,13
DA:81,13
DA:82,2
DA:84,2
DA:86,2
DA:89,11
DA:90,2
DA:92,2
DA:94,2
DA:97,9
DA:99,9
DA:100,2
DA:102,2
DA:104,2
DA:107,7
DA:109,0
DA:111,0
DA:115,2
DA:116,0
DA:117,0
DA:119,0
DA:121,0
DA:122,0
DA:124,0
DA:126,0
DA:129,0
DA:130,0
DA:132,0
DA:134,0
DA:137,0
DA:139,0
DA:141,0
DA:147,0
DA:149,0
DA:151,0
DA:155,2
DA:156,0
DA:157,0
DA:159,0
DA:161,0
DA:162,0
DA:164,0
DA:166,0
DA:169,0
DA:171,0
DA:173,0
DA:177,2
DA:178,0
DA:179,0
DA:180,0
DA:182,0
DA:184,0
DA:185,0
DA:187,0
DA:189,0
DA:192,0
DA:193,0
DA:195,0
DA:197,0
DA:199,0
DA:201,0
DA:205,2
DA:206,0
DA:209,2
DA:210,0
DA:211,0
DA:213,0
DA:215,0
DA:217,0
DA:219,0
DA:221,0
DA:223,0
DA:225,0
DA:227,0
DA:229,0
DA:233,2
DA:234,0
DA:235,0
DA:237,0
DA:239,0
DA:241,0
DA:243,0
DA:245,0
DA:247,0
DA:249,0
LF:126
LH:58
BRDA:14,0,0,2
BRDA:30,1,0,3
BRDA:54,2,0,1
BRDA:81,3,0,2
BRDA:89,4,0,2
BRDA:99,5,0,2
BRDA:121,6,0,0
BRDA:129,7,0,0
BRDA:161,8,0,0
BRDA:184,9,0,0
BRDA:215,10,0,0
BRDA:219,11,0,0
BRDA:239,12,0,0
BRDA:243,13,0,0
BRF:14
BRH:6
end_of_record
TN:
SF:src\controllers\BudgetController.ts
FN:6,(anonymous_1)
FN:21,(anonymous_2)
FN:37,(anonymous_3)
FN:51,(anonymous_4)
FN:63,(anonymous_5)
FNF:5
FNH:5
FNDA:5,(anonymous_1)
FNDA:3,(anonymous_2)
FNDA:5,(anonymous_3)
FNDA:3,(anonymous_4)
FNDA:3,(anonymous_5)
DA:2,2
DA:3,2
DA:5,2
DA:6,2
DA:7,5
DA:8,5
DA:13,4
DA:17,1
DA:21,2
DA:22,3
DA:23,3
DA:25,2
DA:27,2
DA:29,2
DA:33,1
DA:37,2
DA:38,5
DA:39,5
DA:43,4
DA:47,1
DA:51,2
DA:52,3
DA:53,3
DA:55,2
DA:59,1
DA:63,2
DA:64,3
DA:65,3
DA:67,2
DA:71,1
LF:30
LH:30
BRF:0
BRH:0
end_of_record
TN:
SF:src\controllers\ExpenseController.ts
FN:5,(anonymous_1)
FN:21,(anonymous_2)
FN:25,(anonymous_3)
FN:37,(anonymous_4)
FNF:4
FNH:4
FNDA:2,(anonymous_1)
FNDA:1,(anonymous_2)
FNDA:2,(anonymous_3)
FNDA:2,(anonymous_4)
DA:2,2
DA:4,2
DA:5,2
DA:6,2
DA:7,2
DA:9,1
DA:11,1
DA:13,1
DA:17,1
DA:21,2
DA:22,1
DA:25,2
DA:26,2
DA:27,2
DA:29,1
DA:33,1
DA:37,2
DA:38,2
DA:39,2
DA:41,1
DA:45,1
LF:21
LH:21
BRF:0
BRH:0
end_of_record
TN:
SF:src\emails\AuthEmail.ts
FN:10,(anonymous_0)
FN:37,(anonymous_1)
FNF:2
FNH:1
FNDA:2,(anonymous_0)
FNDA:0,(anonymous_1)
DA:1,2
DA:9,2
DA:10,2
DA:11,2
DA:37,2
DA:38,0
LF:6
LH:5
BRF:0
BRH:0
end_of_record
TN:
SF:src\middleware\auth.ts
FN:14,(anonymous_1)
FN:24,(anonymous_2)
FNF:2
FNH:2
FNDA:18,(anonymous_1)
FNDA:13,(anonymous_2)
DA:2,1
DA:3,1
DA:4,1
DA:14,1
DA:15,18
DA:16,18
DA:18,18
DA:20,13
DA:22,13
DA:24,13
DA:25,13
DA:26,1
DA:28,1
DA:31,12
DA:32,12
DA:34,12
DA:36,12
DA:38,12
DA:39,0
DA:42,0
DA:44,0
LF:21
LH:18
BRDA:18,0,0,5
BRDA:22,1,0,0
BRDA:25,2,0,1
BRDA:26,3,0,0
BRDA:31,4,0,12
BRDA:31,4,1,0
BRDA:31,5,0,12
BRDA:31,5,1,12
BRDA:34,6,0,0
BRF:9
BRH:5
end_of_record
TN:
SF:src\middleware\budget.ts
FN:13,(anonymous_1)
FN:26,(anonymous_2)
FN:32,(anonymous_3)
FN:44,(anonymous_4)
FNF:4
FNH:4
FNDA:7,(anonymous_1)
FNDA:6,(anonymous_2)
FNDA:6,(anonymous_3)
FNDA:9,(anonymous_4)
DA:2,2
DA:3,2
DA:13,2
DA:14,7
DA:16,7
DA:18,7
DA:19,1
DA:20,1
DA:23,6
DA:26,2
DA:27,6
DA:29,6
DA:32,6
DA:34,6
DA:36,6
DA:37,4
DA:38,4
DA:41,2
DA:44,2
DA:45,9
DA:46,9
DA:48,9
DA:50,8
DA:51,3
DA:53,3
DA:55,3
DA:58,5
DA:60,5
DA:64,1
LF:29
LH:29
BRDA:18,0,0,1
BRDA:36,1,0,4
BRDA:50,2,0,3
BRDA:50,3,0,8
BRDA:50,3,1,5
BRF:5
BRH:5
end_of_record
TN:
SF:src\middleware\expense.ts
FN:13,(anonymous_1)
FN:26,(anonymous_2)
FN:32,(anonymous_3)
FN:44,(anonymous_4)
FNF:4
FNH:1
FNDA:0,(anonymous_1)
FNDA:0,(anonymous_2)
FNDA:0,(anonymous_3)
FNDA:3,(anonymous_4)
DA:2,2
DA:3,2
DA:13,2
DA:14,0
DA:16,0
DA:18,0
DA:19,0
DA:20,0
DA:23,0
DA:26,2
DA:27,0
DA:29,0
DA:32,0
DA:34,0
DA:36,0
DA:37,0
DA:38,0
DA:41,0
DA:44,2
DA:45,3
DA:46,3
DA:48,3
DA:50,2
DA:51,1
DA:53,1
DA:55,1
DA:58,1
DA:60,1
DA:64,1
LF:29
LH:15
BRDA:18,0,0,0
BRDA:36,1,0,0
BRDA:50,2,0,1
BRDA:50,3,0,2
BRDA:50,3,1,1
BRF:5
BRH:3
end_of_record
TN:
SF:src\middleware\validation.ts
FN:4,(anonymous_0)
FNF:1
FNH:1
FNDA:21,(anonymous_0)
DA:2,1
DA:4,1
DA:5,21
DA:7,21
DA:8,7
DA:9,7
DA:12,14
LF:7
LH:7
BRDA:7,0,0,7
BRF:1
BRH:1
end_of_record
TN:
SF:src\models\Budget.ts
FN:21,(anonymous_3)
FN:24,(anonymous_4)
FN:27,(anonymous_5)
FNF:3
FNH:3
FNDA:2,(anonymous_3)
FNDA:3,(anonymous_4)
FNDA:3,(anonymous_5)
DA:1,2
DA:2,2
DA:3,2
DA:8,2
DA:13,2
DA:19,2
DA:21,2
DA:22,2
DA:24,3
DA:25,2
DA:27,3
DA:31,2
DA:34,2
LF:13
LH:13
BRDA:25,0,0,1
BRDA:25,0,1,1
BRDA:25,1,0,2
BRDA:25,1,1,2
BRF:4
BRH:4
end_of_record
TN:
SF:src\models\Expense.ts
FN:20,(anonymous_3)
FN:23,(anonymous_4)
FNF:2
FNH:2
FNDA:2,(anonymous_3)
FNDA:2,(anonymous_4)
DA:1,3
DA:2,3
DA:7,3
DA:12,3
DA:18,3
DA:20,2
DA:21,3
DA:23,2
DA:24,3
DA:27,3
LF:10
LH:10
BRDA:24,0,0,0
BRDA:24,0,1,3
BRDA:24,1,0,3
BRDA:24,1,1,1
BRF:4
BRH:3
end_of_record
TN:
SF:src\models\User.ts
FN:39,(anonymous_3)
FNF:1
FNH:1
FNDA:2,(anonymous_3)
DA:1,2
DA:2,2
DA:7,2
DA:12,2
DA:19,2
DA:25,2
DA:30,2
DA:37,2
DA:39,2
DA:43,2
DA:46,2
LF:11
LH:11
BRF:0
BRH:0
end_of_record
TN:
SF:src\routes\authRouter.ts
FNF:0
FNH:0
DA:1,1
DA:2,1
DA:3,1
DA:4,1
DA:5,1
DA:6,1
DA:8,1
DA:10,1
DA:22,1
DA:31,1
DA:41,1
DA:50,1
DA:59,1
DA:72,1
DA:77,1
DA:87,1
DA:94,1
LF:17
LH:17
BRF:0
BRH:0
end_of_record
TN:
SF:src\routes\budgetRouter.ts
FNF:0
FNH:0
DA:1,1
DA:2,1
DA:3,1
DA:4,1
DA:5,1
DA:6,1
DA:8,1
DA:11,1
DA:13,1
DA:14,1
DA:16,1
DA:17,1
DA:19,1
DA:21,1
DA:26,1
DA:28,1
DA:33,1
DA:37,1
DA:42,1
DA:44,1
DA:49,1
DA:51,1
LF:22
LH:22
BRF:0
BRH:0
end_of_record
TN:
SF:src\tests\mocks\budgets.ts
FNF:0
FNH:0
DA:1,2
LF:1
LH:1
BRF:0
BRH:0
end_of_record
TN:
SF:src\tests\mocks\expenses.ts
FNF:0
FNH:0
DA:1,2
LF:1
LH:1
BRF:0
BRH:0
end_of_record
TN:
SF:src\utils\auth.ts
FN:4,(anonymous_1)
FN:10,(anonymous_2)
FNF:2
FNH:2
FNDA:2,(anonymous_1)
FNDA:5,(anonymous_2)
DA:1,2
DA:4,2
DA:5,2
DA:7,2
DA:10,5
LF:5
LH:5
BRF:0
BRH:0
end_of_record
TN:
SF:src\utils\index.ts
FN:3,(anonymous_0)
FNF:1
FNH:1
FNDA:6,(anonymous_0)
DA:3,2
DA:8,6
DA:10,6
LF:3
LH:3
BRF:0
BRH:0
end_of_record
TN:
SF:src\utils\jwt.ts
FN:4,(anonymous_1)
FNF:1
FNH:1
FNDA:5,(anonymous_1)
DA:1,2
DA:4,5
LF:2
LH:2
BRF:0
BRH:0
end_of_record
TN:
SF:src\utils\token.ts
FN:1,(anonymous_0)
FNF:1
FNH:1
FNDA:2,(anonymous_0)
DA:1,2
LF:1
LH:1
BRF:0
BRH:0
end_of_record
