TN:
SF:src\config\nodemailer.ts
FN:3,(anonymous_1)
FNF:1
FNH:1
FNDA:1,(anonymous_1)
DA:1,1
DA:3,1
DA:4,1
DA:14,1
LF:4
LH:4
BRF:0
BRH:0
end_of_record
TN:
SF:src\controllers\AuthController.ts
FN:10,(anonymous_1)
FN:43,(anonymous_2)
FN:70,(anonymous_3)
FN:110,(anonymous_4)
FN:150,(anonymous_5)
FN:172,(anonymous_6)
FN:200,(anonymous_7)
FN:204,(anonymous_8)
FN:228,(anonymous_9)
FNF:9
FNH:2
FNDA:3,(anonymous_1)
FNDA:0,(anonymous_2)
FNDA:4,(anonymous_3)
FNDA:0,(anonymous_4)
FNDA:0,(anonymous_5)
FNDA:0,(anonymous_6)
FNDA:0,(anonymous_7)
FNDA:0,(anonymous_8)
FNDA:0,(anonymous_9)
DA:2,1
DA:3,1
DA:4,1
DA:5,1
DA:6,1
DA:7,1
DA:9,1
DA:10,1
DA:11,3
DA:12,3
DA:14,3
DA:15,1
DA:17,1
DA:19,1
DA:22,2
DA:24,2
DA:25,1
DA:27,1
DA:33,1
DA:35,1
DA:39,1
DA:43,1
DA:44,0
DA:45,0
DA:47,0
DA:49,0
DA:50,0
DA:52,0
DA:54,0
DA:57,0
DA:58,0
DA:60,0
DA:62,0
DA:64,0
DA:66,0
DA:70,1
DA:71,4
DA:72,4
DA:74,4
DA:76,4
DA:77,1
DA:79,1
DA:81,1
DA:84,3
DA:85,1
DA:87,1
DA:89,1
DA:92,2
DA:94,2
DA:95,1
DA:97,1
DA:99,1
DA:102,1
DA:104,0
DA:106,0
DA:110,1
DA:111,0
DA:112,0
DA:114,0
DA:116,0
DA:117,0
DA:119,0
DA:121,0
DA:124,0
DA:125,0
DA:127,0
DA:129,0
DA:132,0
DA:134,0
DA:136,0
DA:142,0
DA:144,0
DA:146,0
DA:150,1
DA:151,0
DA:152,0
DA:154,0
DA:156,0
DA:157,0
DA:159,0
DA:161,0
DA:164,0
DA:166,0
DA:168,0
DA:172,1
DA:173,0
DA:174,0
DA:175,0
DA:177,0
DA:179,0
DA:180,0
DA:182,0
DA:184,0
DA:187,0
DA:188,0
DA:190,0
DA:192,0
DA:194,0
DA:196,0
DA:200,1
DA:201,0
DA:204,1
DA:205,0
DA:206,0
DA:208,0
DA:210,0
DA:212,0
DA:214,0
DA:216,0
DA:218,0
DA:220,0
DA:222,0
DA:224,0
DA:228,1
DA:229,0
DA:230,0
DA:232,0
DA:234,0
DA:236,0
DA:238,0
DA:240,0
DA:242,0
DA:244,0
LF:123
LH:46
BRDA:14,0,0,1
BRDA:49,1,0,0
BRDA:76,2,0,1
BRDA:84,3,0,1
BRDA:94,4,0,1
BRDA:116,5,0,0
BRDA:124,6,0,0
BRDA:156,7,0,0
BRDA:179,8,0,0
BRDA:210,9,0,0
BRDA:214,10,0,0
BRDA:234,11,0,0
BRDA:238,12,0,0
BRF:13
BRH:4
end_of_record
TN:
SF:src\controllers\BudgetController.ts
FN:6,(anonymous_1)
FN:21,(anonymous_2)
FN:37,(anonymous_3)
FN:51,(anonymous_4)
FN:63,(anonymous_5)
FNF:5
FNH:5
FNDA:4,(anonymous_1)
FNDA:2,(anonymous_2)
FNDA:4,(anonymous_3)
FNDA:2,(anonymous_4)
FNDA:2,(anonymous_5)
DA:2,1
DA:3,1
DA:5,1
DA:6,1
DA:7,4
DA:8,4
DA:13,3
DA:17,1
DA:21,1
DA:22,2
DA:23,2
DA:25,1
DA:27,1
DA:29,1
DA:33,1
DA:37,1
DA:38,4
DA:39,4
DA:43,3
DA:47,1
DA:51,1
DA:52,2
DA:53,2
DA:55,1
DA:59,1
DA:63,1
DA:64,2
DA:65,2
DA:67,1
DA:71,1
LF:30
LH:30
BRF:0
BRH:0
end_of_record
TN:
SF:src\controllers\ExpenseController.ts
FN:5,(anonymous_1)
FN:21,(anonymous_2)
FN:25,(anonymous_3)
FN:37,(anonymous_4)
FNF:4
FNH:4
FNDA:2,(anonymous_1)
FNDA:1,(anonymous_2)
FNDA:2,(anonymous_3)
FNDA:2,(anonymous_4)
DA:2,1
DA:4,1
DA:5,1
DA:6,2
DA:7,2
DA:9,1
DA:11,1
DA:13,1
DA:17,1
DA:21,1
DA:22,1
DA:25,1
DA:26,2
DA:27,2
DA:29,1
DA:33,1
DA:37,1
DA:38,2
DA:39,2
DA:41,1
DA:45,1
LF:21
LH:21
BRF:0
BRH:0
end_of_record
TN:
SF:src\emails\AuthEmail.ts
FN:10,(anonymous_0)
FN:37,(anonymous_1)
FNF:2
FNH:0
FNDA:0,(anonymous_0)
FNDA:0,(anonymous_1)
DA:1,1
DA:9,1
DA:10,1
DA:11,0
DA:37,1
DA:38,0
LF:6
LH:4
BRF:0
BRH:0
end_of_record
TN:
SF:src\middleware\budget.ts
FN:13,(anonymous_1)
FN:26,(anonymous_2)
FN:32,(anonymous_3)
FN:44,(anonymous_4)
FNF:4
FNH:1
FNDA:0,(anonymous_1)
FNDA:0,(anonymous_2)
FNDA:0,(anonymous_3)
FNDA:3,(anonymous_4)
DA:2,1
DA:3,1
DA:13,1
DA:14,0
DA:16,0
DA:18,0
DA:19,0
DA:20,0
DA:23,0
DA:26,1
DA:27,0
DA:29,0
DA:32,0
DA:34,0
DA:36,0
DA:37,0
DA:38,0
DA:41,0
DA:44,1
DA:45,3
DA:46,3
DA:48,3
DA:50,2
DA:51,1
DA:53,1
DA:55,1
DA:58,1
DA:60,1
DA:64,1
LF:29
LH:15
BRDA:18,0,0,0
BRDA:36,1,0,0
BRDA:50,2,0,1
BRDA:50,3,0,2
BRDA:50,3,1,1
BRF:5
BRH:3
end_of_record
TN:
SF:src\middleware\expense.ts
FN:13,(anonymous_1)
FN:26,(anonymous_2)
FN:32,(anonymous_3)
FN:44,(anonymous_4)
FNF:4
FNH:1
FNDA:0,(anonymous_1)
FNDA:0,(anonymous_2)
FNDA:0,(anonymous_3)
FNDA:3,(anonymous_4)
DA:2,1
DA:3,1
DA:13,1
DA:14,0
DA:16,0
DA:18,0
DA:19,0
DA:20,0
DA:23,0
DA:26,1
DA:27,0
DA:29,0
DA:32,0
DA:34,0
DA:36,0
DA:37,0
DA:38,0
DA:41,0
DA:44,1
DA:45,3
DA:46,3
DA:48,3
DA:50,2
DA:51,1
DA:53,1
DA:55,1
DA:58,1
DA:60,1
DA:64,1
LF:29
LH:15
BRDA:18,0,0,0
BRDA:36,1,0,0
BRDA:50,2,0,1
BRDA:50,3,0,2
BRDA:50,3,1,1
BRF:5
BRH:3
end_of_record
TN:
SF:src\models\Budget.ts
FN:21,(anonymous_3)
FN:24,(anonymous_4)
FN:27,(anonymous_5)
FNF:3
FNH:0
FNDA:0,(anonymous_3)
FNDA:0,(anonymous_4)
FNDA:0,(anonymous_5)
DA:1,1
DA:2,1
DA:3,1
DA:8,1
DA:13,1
DA:19,1
DA:21,0
DA:22,1
DA:24,0
DA:25,1
DA:27,0
DA:31,1
DA:34,1
LF:13
LH:10
BRDA:25,0,0,0
BRDA:25,0,1,1
BRDA:25,1,0,1
BRDA:25,1,1,1
BRF:4
BRH:3
end_of_record
TN:
SF:src\models\Expense.ts
FN:20,(anonymous_3)
FN:23,(anonymous_4)
FNF:2
FNH:0
FNDA:0,(anonymous_3)
FNDA:0,(anonymous_4)
DA:1,2
DA:2,2
DA:7,2
DA:12,2
DA:18,2
DA:20,0
DA:21,2
DA:23,0
DA:24,2
DA:27,2
LF:10
LH:8
BRDA:24,0,0,0
BRDA:24,0,1,2
BRDA:24,1,0,2
BRDA:24,1,1,1
BRF:4
BRH:3
end_of_record
TN:
SF:src\models\User.ts
FN:39,(anonymous_3)
FNF:1
FNH:0
FNDA:0,(anonymous_3)
DA:1,1
DA:2,1
DA:7,1
DA:12,1
DA:19,1
DA:25,1
DA:30,1
DA:37,1
DA:39,0
DA:43,1
DA:46,1
LF:11
LH:10
BRF:0
BRH:0
end_of_record
TN:
SF:src\tests\mocks\budgets.ts
FNF:0
FNH:0
DA:1,2
LF:1
LH:1
BRF:0
BRH:0
end_of_record
TN:
SF:src\tests\mocks\expenses.ts
FNF:0
FNH:0
DA:1,2
LF:1
LH:1
BRF:0
BRH:0
end_of_record
TN:
SF:src\utils\auth.ts
FN:4,(anonymous_1)
FN:10,(anonymous_2)
FNF:2
FNH:0
FNDA:0,(anonymous_1)
FNDA:0,(anonymous_2)
DA:1,1
DA:4,1
DA:5,0
DA:7,0
DA:10,1
LF:5
LH:3
BRF:0
BRH:0
end_of_record
TN:
SF:src\utils\index.ts
FN:3,(anonymous_0)
FNF:1
FNH:0
FNDA:0,(anonymous_0)
DA:3,1
DA:8,0
DA:10,0
LF:3
LH:1
BRF:0
BRH:0
end_of_record
TN:
SF:src\utils\jwt.ts
FN:4,(anonymous_1)
FNF:1
FNH:0
FNDA:0,(anonymous_1)
DA:1,1
DA:4,1
LF:2
LH:2
BRF:0
BRH:0
end_of_record
TN:
SF:src\utils\token.ts
FN:1,(anonymous_0)
FNF:1
FNH:0
FNDA:0,(anonymous_0)
DA:1,1
LF:1
LH:1
BRF:0
BRH:0
end_of_record
